  [1m[35m (1.5ms)[0m  [1m[34mSELECT pg_try_advisory_lock(3143831485598730465);[0m
  [1m[36mActiveRecord::SchemaMigration Load (4.5ms)[0m  [1m[34mSELECT "schema_migrations".* FROM "schema_migrations"[0m
Migrating to DeviseCreateUsers (20170421183709)
  [1m[35m (1.2ms)[0m  [1m[35mBEGIN[0m
  [1m[35m (38.8ms)[0m  [1m[35mCREATE TABLE "users" ("id" serial primary key, "email" character varying DEFAULT '' NOT NULL, "encrypted_password" character varying DEFAULT '' NOT NULL, "reset_password_token" character varying, "reset_password_sent_at" timestamp, "remember_created_at" timestamp, "sign_in_count" integer DEFAULT 0 NOT NULL, "current_sign_in_at" timestamp, "last_sign_in_at" timestamp, "current_sign_in_ip" inet, "last_sign_in_ip" inet, "created_at" timestamp NOT NULL, "updated_at" timestamp NOT NULL)[0m
  [1m[35m (0.3ms)[0m  [1m[31mROLLBACK[0m
  [1m[35m (0.4ms)[0m  [1m[34mSELECT pg_advisory_unlock(3143831485598730465)[0m
  [1m[36mActiveRecord::SchemaMigration Load (0.8ms)[0m  [1m[34mSELECT "schema_migrations".* FROM "schema_migrations"[0m
  [1m[35m (3.2ms)[0m  [1m[34mSELECT "ar_internal_metadata"."value" FROM "ar_internal_metadata" WHERE "ar_internal_metadata"."key" = $1[0m  [["key", :environment]]
  [1m[36mActiveRecord::SchemaMigration Load (0.3ms)[0m  [1m[34mSELECT "schema_migrations".* FROM "schema_migrations"[0m
  [1m[35m (0.2ms)[0m  [1m[34mSELECT "ar_internal_metadata"."value" FROM "ar_internal_metadata" WHERE "ar_internal_metadata"."key" = $1[0m  [["key", :environment]]
  [1m[36mActiveRecord::SchemaMigration Load (0.3ms)[0m  [1m[34mSELECT "schema_migrations".* FROM "schema_migrations"[0m
  [1m[35m (0.2ms)[0m  [1m[34mSELECT "ar_internal_metadata"."value" FROM "ar_internal_metadata" WHERE "ar_internal_metadata"."key" = $1[0m  [["key", :environment]]
  [1m[35m (139.5ms)[0m  [1m[35mDROP DATABASE IF EXISTS "community_service_app_development"[0m
  [1m[35m (138.7ms)[0m  [1m[35mDROP DATABASE IF EXISTS "community_service_app_test"[0m
  [1m[35m (431.7ms)[0m  [1m[35mCREATE DATABASE "community_service_app_development" ENCODING = 'unicode'[0m
  [1m[35m (269.2ms)[0m  [1m[35mCREATE DATABASE "community_service_app_test" ENCODING = 'unicode'[0m
  [1m[35m (14.8ms)[0m  [1m[35mCREATE TABLE "schema_migrations" ("version" character varying PRIMARY KEY)[0m
  [1m[35m (5.1ms)[0m  [1m[35mCREATE TABLE "ar_internal_metadata" ("key" character varying PRIMARY KEY, "value" character varying, "created_at" timestamp NOT NULL, "updated_at" timestamp NOT NULL)[0m
  [1m[35m (0.3ms)[0m  [1m[34mSELECT pg_try_advisory_lock(3143831485598730465);[0m
  [1m[36mActiveRecord::SchemaMigration Load (0.7ms)[0m  [1m[34mSELECT "schema_migrations".* FROM "schema_migrations"[0m
Migrating to DeviseCreateUsers (20170421183709)
  [1m[35m (0.2ms)[0m  [1m[35mBEGIN[0m
  [1m[35m (11.5ms)[0m  [1m[35mCREATE TABLE "users" ("id" serial primary key, "email" character varying DEFAULT '' NOT NULL, "encrypted_password" character varying DEFAULT '' NOT NULL, "reset_password_token" character varying, "reset_password_sent_at" timestamp, "remember_created_at" timestamp, "sign_in_count" integer DEFAULT 0 NOT NULL, "current_sign_in_at" timestamp, "last_sign_in_at" timestamp, "current_sign_in_ip" inet, "last_sign_in_ip" inet, "created_at" timestamp NOT NULL, "updated_at" timestamp NOT NULL)[0m
  [1m[35m (1.4ms)[0m  [1m[35mCREATE UNIQUE INDEX  "index_users_on_email" ON "users"  ("email")[0m
  [1m[35m (1.4ms)[0m  [1m[35mCREATE UNIQUE INDEX  "index_users_on_reset_password_token" ON "users"  ("reset_password_token")[0m
  [1m[35mSQL (3.6ms)[0m  [1m[32mINSERT INTO "schema_migrations" ("version") VALUES ($1) RETURNING "version"[0m  [["version", "20170421183709"]]
  [1m[35m (0.8ms)[0m  [1m[35mCOMMIT[0m
  [1m[36mActiveRecord::InternalMetadata Load (0.7ms)[0m  [1m[34mSELECT  "ar_internal_metadata".* FROM "ar_internal_metadata" WHERE "ar_internal_metadata"."key" = $1 LIMIT $2[0m  [["key", :environment], ["LIMIT", 1]]
  [1m[35m (0.3ms)[0m  [1m[35mBEGIN[0m
  [1m[35mSQL (1.5ms)[0m  [1m[32mINSERT INTO "ar_internal_metadata" ("key", "value", "created_at", "updated_at") VALUES ($1, $2, $3, $4) RETURNING "key"[0m  [["key", "environment"], ["value", "development"], ["created_at", 2017-04-21 18:39:19 UTC], ["updated_at", 2017-04-21 18:39:19 UTC]]
  [1m[35m (0.3ms)[0m  [1m[35mCOMMIT[0m
  [1m[35m (0.3ms)[0m  [1m[34mSELECT pg_advisory_unlock(3143831485598730465)[0m
  [1m[36mActiveRecord::SchemaMigration Load (1.9ms)[0m  [1m[34mSELECT "schema_migrations".* FROM "schema_migrations"[0m
  [1m[35m (0.3ms)[0m  [1m[34mSELECT pg_try_advisory_lock(3143831485598730465);[0m
  [1m[36mActiveRecord::SchemaMigration Load (0.7ms)[0m  [1m[34mSELECT "schema_migrations".* FROM "schema_migrations"[0m
Migrating to AddColumnsToUsers (20170421184437)
  [1m[35m (0.2ms)[0m  [1m[35mBEGIN[0m
  [1m[35m (5.6ms)[0m  [1m[35mALTER TABLE "users" ADD "name" character varying[0m
  [1m[35m (0.4ms)[0m  [1m[35mALTER TABLE "users" ADD "location" character varying[0m
  [1m[35m (0.4ms)[0m  [1m[35mALTER TABLE "users" ADD "age" integer[0m
  [1m[35m (0.4ms)[0m  [1m[35mALTER TABLE "users" ADD "occupation" character varying[0m
  [1m[35mSQL (0.6ms)[0m  [1m[32mINSERT INTO "schema_migrations" ("version") VALUES ($1) RETURNING "version"[0m  [["version", "20170421184437"]]
  [1m[35m (0.7ms)[0m  [1m[35mCOMMIT[0m
  [1m[36mActiveRecord::InternalMetadata Load (0.6ms)[0m  [1m[34mSELECT  "ar_internal_metadata".* FROM "ar_internal_metadata" WHERE "ar_internal_metadata"."key" = $1 LIMIT $2[0m  [["key", :environment], ["LIMIT", 1]]
  [1m[35m (0.1ms)[0m  [1m[35mBEGIN[0m
  [1m[35m (0.1ms)[0m  [1m[35mCOMMIT[0m
  [1m[35m (0.3ms)[0m  [1m[34mSELECT pg_advisory_unlock(3143831485598730465)[0m
  [1m[36mActiveRecord::SchemaMigration Load (0.3ms)[0m  [1m[34mSELECT "schema_migrations".* FROM "schema_migrations"[0m
  [1m[35m (0.3ms)[0m  [1m[34mSELECT pg_try_advisory_lock(3143831485598730465);[0m
  [1m[36mActiveRecord::SchemaMigration Load (0.8ms)[0m  [1m[34mSELECT "schema_migrations".* FROM "schema_migrations"[0m
Migrating to CreateCategories (20170421184526)
  [1m[35m (0.2ms)[0m  [1m[35mBEGIN[0m
  [1m[35m (11.9ms)[0m  [1m[35mCREATE TABLE "categories" ("id" serial primary key, "name" character varying, "created_at" timestamp NOT NULL, "updated_at" timestamp NOT NULL)[0m
  [1m[35mSQL (0.6ms)[0m  [1m[32mINSERT INTO "schema_migrations" ("version") VALUES ($1) RETURNING "version"[0m  [["version", "20170421184526"]]
  [1m[35m (1.2ms)[0m  [1m[35mCOMMIT[0m
Migrating to CreateEvents (20170421184543)
  [1m[35m (0.3ms)[0m  [1m[35mBEGIN[0m
  [1m[35m (12.0ms)[0m  [1m[35mCREATE TABLE "events" ("id" serial primary key, "name" character varying, "category_id" integer, "user_id" integer, "date" date, "location" character varying, "description" text, "created_at" timestamp NOT NULL, "updated_at" timestamp NOT NULL, CONSTRAINT "fk_rails_fd5598a81d"
FOREIGN KEY ("category_id")
  REFERENCES "categories" ("id")
, CONSTRAINT "fk_rails_0cb5590091"
FOREIGN KEY ("user_id")
  REFERENCES "users" ("id")
)[0m
  [1m[35m (1.5ms)[0m  [1m[35mCREATE  INDEX  "index_events_on_category_id" ON "events"  ("category_id")[0m
  [1m[35m (1.2ms)[0m  [1m[35mCREATE  INDEX  "index_events_on_user_id" ON "events"  ("user_id")[0m
  [1m[35mSQL (0.5ms)[0m  [1m[32mINSERT INTO "schema_migrations" ("version") VALUES ($1) RETURNING "version"[0m  [["version", "20170421184543"]]
  [1m[35m (0.8ms)[0m  [1m[35mCOMMIT[0m
  [1m[36mActiveRecord::InternalMetadata Load (0.6ms)[0m  [1m[34mSELECT  "ar_internal_metadata".* FROM "ar_internal_metadata" WHERE "ar_internal_metadata"."key" = $1 LIMIT $2[0m  [["key", :environment], ["LIMIT", 1]]
  [1m[35m (0.2ms)[0m  [1m[35mBEGIN[0m
  [1m[35m (0.1ms)[0m  [1m[35mCOMMIT[0m
  [1m[35m (0.3ms)[0m  [1m[34mSELECT pg_advisory_unlock(3143831485598730465)[0m
  [1m[36mActiveRecord::SchemaMigration Load (0.3ms)[0m  [1m[34mSELECT "schema_migrations".* FROM "schema_migrations"[0m
Started GET "/" for ::1 at 2017-04-21 14:46:24 -0400
  [1m[36mActiveRecord::SchemaMigration Load (0.9ms)[0m  [1m[34mSELECT "schema_migrations".* FROM "schema_migrations"[0m
Processing by EventsController#index as HTML
  Rendering events/index.html.erb within layouts/application
  [1m[36mEvent Load (4.4ms)[0m  [1m[34mSELECT "events".* FROM "events"[0m
  Rendered events/index.html.erb within layouts/application (18.7ms)
Completed 200 OK in 1415ms (Views: 1354.6ms | ActiveRecord: 6.9ms)


Started GET "/" for ::1 at 2017-04-21 14:48:54 -0400
Processing by EventsController#index as HTML
Completed 401 Unauthorized in 13ms (ActiveRecord: 0.0ms)


Started GET "/users/sign_in" for ::1 at 2017-04-21 14:48:54 -0400
Processing by Devise::SessionsController#new as HTML
  Rendering devise/sessions/new.html.erb within layouts/application
  Rendered devise/shared/_links.html.erb (2.3ms)
  Rendered devise/sessions/new.html.erb within layouts/application (53.5ms)
Completed 200 OK in 180ms (Views: 123.9ms | ActiveRecord: 23.0ms)


Started GET "/users/sign_in" for ::1 at 2017-04-21 14:50:27 -0400
Processing by Devise::SessionsController#new as HTML
  Rendering devise/sessions/new.html.erb within layouts/application
  Rendered devise/shared/_links.html.erb (1.6ms)
  Rendered devise/sessions/new.html.erb within layouts/application (8.7ms)
Completed 200 OK in 69ms (Views: 67.7ms | ActiveRecord: 0.0ms)


Started GET "/" for ::1 at 2017-04-21 14:58:50 -0400
  [1m[36mActiveRecord::SchemaMigration Load (0.9ms)[0m  [1m[34mSELECT "schema_migrations".* FROM "schema_migrations"[0m
Processing by EventsController#index as HTML
Completed 401 Unauthorized in 54ms (ActiveRecord: 0.0ms)


Started GET "/users/sign_in" for ::1 at 2017-04-21 14:58:50 -0400
Processing by Devise::SessionsController#new as HTML
  Rendering devise/sessions/new.html.erb within layouts/application
  Rendered devise/shared/_links.html.erb (2.2ms)
  Rendered devise/sessions/new.html.erb within layouts/application (34.2ms)
Completed 200 OK in 1602ms (Views: 1557.8ms | ActiveRecord: 12.4ms)


Started GET "/users/stylesheets/1-col-portfolio.css" for ::1 at 2017-04-21 14:58:52 -0400
  
ActionController::RoutingError (No route matches [GET] "/users/stylesheets/1-col-portfolio.css"):
  
actionpack (5.0.2) lib/action_dispatch/middleware/debug_exceptions.rb:53:in `call'
web-console (3.5.0) lib/web_console/middleware.rb:135:in `call_app'
web-console (3.5.0) lib/web_console/middleware.rb:28:in `block in call'
web-console (3.5.0) lib/web_console/middleware.rb:18:in `catch'
web-console (3.5.0) lib/web_console/middleware.rb:18:in `call'
actionpack (5.0.2) lib/action_dispatch/middleware/show_exceptions.rb:31:in `call'
railties (5.0.2) lib/rails/rack/logger.rb:36:in `call_app'
railties (5.0.2) lib/rails/rack/logger.rb:24:in `block in call'
activesupport (5.0.2) lib/active_support/tagged_logging.rb:69:in `block in tagged'
activesupport (5.0.2) lib/active_support/tagged_logging.rb:26:in `tagged'
activesupport (5.0.2) lib/active_support/tagged_logging.rb:69:in `tagged'
railties (5.0.2) lib/rails/rack/logger.rb:24:in `call'
sprockets-rails (3.2.0) lib/sprockets/rails/quiet_assets.rb:13:in `call'
actionpack (5.0.2) lib/action_dispatch/middleware/request_id.rb:24:in `call'
rack (2.0.1) lib/rack/method_override.rb:22:in `call'
rack (2.0.1) lib/rack/runtime.rb:22:in `call'
activesupport (5.0.2) lib/active_support/cache/strategy/local_cache_middleware.rb:28:in `call'
actionpack (5.0.2) lib/action_dispatch/middleware/executor.rb:12:in `call'
actionpack (5.0.2) lib/action_dispatch/middleware/static.rb:136:in `call'
rack (2.0.1) lib/rack/sendfile.rb:111:in `call'
railties (5.0.2) lib/rails/engine.rb:522:in `call'
puma (3.8.2) lib/puma/configuration.rb:224:in `call'
puma (3.8.2) lib/puma/server.rb:600:in `handle_request'
puma (3.8.2) lib/puma/server.rb:435:in `process_client'
puma (3.8.2) lib/puma/server.rb:299:in `block in run'
puma (3.8.2) lib/puma/thread_pool.rb:120:in `call'
puma (3.8.2) lib/puma/thread_pool.rb:120:in `block in spawn_thread'
Started GET "/users/stylesheets/bootstrap.min.css" for ::1 at 2017-04-21 14:58:52 -0400
  
ActionController::RoutingError (No route matches [GET] "/users/stylesheets/bootstrap.min.css"):
  
actionpack (5.0.2) lib/action_dispatch/middleware/debug_exceptions.rb:53:in `call'
web-console (3.5.0) lib/web_console/middleware.rb:135:in `call_app'
web-console (3.5.0) lib/web_console/middleware.rb:28:in `block in call'
web-console (3.5.0) lib/web_console/middleware.rb:18:in `catch'
web-console (3.5.0) lib/web_console/middleware.rb:18:in `call'
actionpack (5.0.2) lib/action_dispatch/middleware/show_exceptions.rb:31:in `call'
railties (5.0.2) lib/rails/rack/logger.rb:36:in `call_app'
railties (5.0.2) lib/rails/rack/logger.rb:24:in `block in call'
activesupport (5.0.2) lib/active_support/tagged_logging.rb:69:in `block in tagged'
activesupport (5.0.2) lib/active_support/tagged_logging.rb:26:in `tagged'
activesupport (5.0.2) lib/active_support/tagged_logging.rb:69:in `tagged'
railties (5.0.2) lib/rails/rack/logger.rb:24:in `call'
sprockets-rails (3.2.0) lib/sprockets/rails/quiet_assets.rb:13:in `call'
actionpack (5.0.2) lib/action_dispatch/middleware/request_id.rb:24:in `call'
rack (2.0.1) lib/rack/method_override.rb:22:in `call'
rack (2.0.1) lib/rack/runtime.rb:22:in `call'
activesupport (5.0.2) lib/active_support/cache/strategy/local_cache_middleware.rb:28:in `call'
actionpack (5.0.2) lib/action_dispatch/middleware/executor.rb:12:in `call'
actionpack (5.0.2) lib/action_dispatch/middleware/static.rb:136:in `call'
rack (2.0.1) lib/rack/sendfile.rb:111:in `call'
railties (5.0.2) lib/rails/engine.rb:522:in `call'
puma (3.8.2) lib/puma/configuration.rb:224:in `call'
puma (3.8.2) lib/puma/server.rb:600:in `handle_request'
puma (3.8.2) lib/puma/server.rb:435:in `process_client'
puma (3.8.2) lib/puma/server.rb:299:in `block in run'
puma (3.8.2) lib/puma/thread_pool.rb:120:in `call'
puma (3.8.2) lib/puma/thread_pool.rb:120:in `block in spawn_thread'
  Rendering /Users/David/.rvm/gems/ruby-2.2.2/gems/actionpack-5.0.2/lib/action_dispatch/middleware/templates/rescues/routing_error.html.erb within rescues/layout
  Rendering /Users/David/.rvm/gems/ruby-2.2.2/gems/actionpack-5.0.2/lib/action_dispatch/middleware/templates/rescues/routing_error.html.erb within rescues/layout
  Rendering /Users/David/.rvm/gems/ruby-2.2.2/gems/actionpack-5.0.2/lib/action_dispatch/middleware/templates/rescues/_trace.html.erb
  Rendered /Users/David/.rvm/gems/ruby-2.2.2/gems/actionpack-5.0.2/lib/action_dispatch/middleware/templates/rescues/_trace.html.erb (2.3ms)
  Rendering /Users/David/.rvm/gems/ruby-2.2.2/gems/actionpack-5.0.2/lib/action_dispatch/middleware/templates/rescues/_trace.html.erb
  Rendered /Users/David/.rvm/gems/ruby-2.2.2/gems/actionpack-5.0.2/lib/action_dispatch/middleware/templates/rescues/_trace.html.erb (7.5ms)
  Rendered collection of /Users/David/.rvm/gems/ruby-2.2.2/gems/actionpack-5.0.2/lib/action_dispatch/middleware/templates/routes/_route.html.erb [32 times] (35.0ms)
  Rendered collection of /Users/David/.rvm/gems/ruby-2.2.2/gems/actionpack-5.0.2/lib/action_dispatch/middleware/templates/routes/_route.html.erb [32 times] (19.5ms)
  Rendered /Users/David/.rvm/gems/ruby-2.2.2/gems/actionpack-5.0.2/lib/action_dispatch/middleware/templates/routes/_table.html.erb (18.0ms)
  Rendered /Users/David/.rvm/gems/ruby-2.2.2/gems/actionpack-5.0.2/lib/action_dispatch/middleware/templates/routes/_table.html.erb (121.1ms)
  Rendering /Users/David/.rvm/gems/ruby-2.2.2/gems/actionpack-5.0.2/lib/action_dispatch/middleware/templates/rescues/_request_and_response.html.erb
  Rendered /Users/David/.rvm/gems/ruby-2.2.2/gems/actionpack-5.0.2/lib/action_dispatch/middleware/templates/rescues/_request_and_response.html.erb (3.8ms)
  Rendered /Users/David/.rvm/gems/ruby-2.2.2/gems/actionpack-5.0.2/lib/action_dispatch/middleware/templates/rescues/routing_error.html.erb within rescues/layout (991.1ms)
  Rendering /Users/David/.rvm/gems/ruby-2.2.2/gems/actionpack-5.0.2/lib/action_dispatch/middleware/templates/rescues/_request_and_response.html.erb
  Rendered /Users/David/.rvm/gems/ruby-2.2.2/gems/actionpack-5.0.2/lib/action_dispatch/middleware/templates/rescues/_request_and_response.html.erb (1.6ms)
  Rendered /Users/David/.rvm/gems/ruby-2.2.2/gems/actionpack-5.0.2/lib/action_dispatch/middleware/templates/rescues/routing_error.html.erb within rescues/layout (886.1ms)
Started GET "/users/sign_in" for ::1 at 2017-04-21 14:59:03 -0400
Processing by Devise::SessionsController#new as HTML
  Rendering devise/sessions/new.html.erb within layouts/application
  Rendered devise/shared/_links.html.erb (1.6ms)
  Rendered devise/sessions/new.html.erb within layouts/application (8.7ms)
Completed 200 OK in 94ms (Views: 89.7ms | ActiveRecord: 0.0ms)


Started GET "/users/sign_in" for ::1 at 2017-04-21 14:59:04 -0400
Processing by Devise::SessionsController#new as HTML
  Rendering devise/sessions/new.html.erb within layouts/application
  Rendered devise/shared/_links.html.erb (1.8ms)
  Rendered devise/sessions/new.html.erb within layouts/application (11.3ms)
Completed 200 OK in 129ms (Views: 127.8ms | ActiveRecord: 0.0ms)


Started GET "/users/sign_in" for ::1 at 2017-04-21 14:59:05 -0400
Processing by Devise::SessionsController#new as HTML
  Rendering devise/sessions/new.html.erb within layouts/application
  Rendered devise/shared/_links.html.erb (3.6ms)
  Rendered devise/sessions/new.html.erb within layouts/application (19.9ms)
Completed 200 OK in 109ms (Views: 107.6ms | ActiveRecord: 0.0ms)


Started GET "/users/sign_up" for ::1 at 2017-04-21 15:00:12 -0400
Processing by Devise::RegistrationsController#new as HTML
  Rendering devise/registrations/new.html.erb within layouts/application
  Rendered devise/shared/_links.html.erb (2.0ms)
  Rendered devise/registrations/new.html.erb within layouts/application (10.1ms)
Completed 200 OK in 85ms (Views: 81.4ms | ActiveRecord: 0.0ms)


Started POST "/users" for ::1 at 2017-04-21 15:00:19 -0400
Processing by Devise::RegistrationsController#create as HTML
  Parameters: {"utf8"=>"✓", "authenticity_token"=>"JluuKD28AT2kMFTdttkKeEQ2yIt3mmcN7LchE/Bl8l0zgkhslRzIWO/Wd8oQVrNGvBg50kZICsvLw/40l83M4w==", "user"=>{"email"=>"david.bennett@ncf.edu", "password"=>"[FILTERED]", "password_confirmation"=>"[FILTERED]"}, "commit"=>"Sign up"}
  [1m[35m (0.2ms)[0m  [1m[35mBEGIN[0m
  [1m[36mUser Exists (3.7ms)[0m  [1m[34mSELECT  1 AS one FROM "users" WHERE "users"."email" = $1 LIMIT $2[0m  [["email", "david.bennett@ncf.edu"], ["LIMIT", 1]]
  [1m[35mSQL (2.4ms)[0m  [1m[32mINSERT INTO "users" ("email", "encrypted_password", "created_at", "updated_at") VALUES ($1, $2, $3, $4) RETURNING "id"[0m  [["email", "david.bennett@ncf.edu"], ["encrypted_password", "$2a$11$mg5WjyghYwoHilBPSWA9V.DKBWyZNFcszzOmSihiARwdVSvSeM84u"], ["created_at", 2017-04-21 19:00:19 UTC], ["updated_at", 2017-04-21 19:00:19 UTC]]
  [1m[35m (0.5ms)[0m  [1m[35mCOMMIT[0m
  [1m[35m (0.1ms)[0m  [1m[35mBEGIN[0m
  [1m[35mSQL (3.8ms)[0m  [1m[33mUPDATE "users" SET "sign_in_count" = $1, "current_sign_in_at" = $2, "last_sign_in_at" = $3, "current_sign_in_ip" = $4, "last_sign_in_ip" = $5, "updated_at" = $6 WHERE "users"."id" = $7[0m  [["sign_in_count", 1], ["current_sign_in_at", 2017-04-21 19:00:19 UTC], ["last_sign_in_at", 2017-04-21 19:00:19 UTC], ["current_sign_in_ip", "::1/128"], ["last_sign_in_ip", "::1/128"], ["updated_at", 2017-04-21 19:00:19 UTC], ["id", 1]]
  [1m[35m (0.3ms)[0m  [1m[35mCOMMIT[0m
Redirected to http://localhost:3000/
Completed 302 Found in 313ms (ActiveRecord: 11.2ms)


Started GET "/" for ::1 at 2017-04-21 15:00:19 -0400
Processing by EventsController#index as HTML
  [1m[36mUser Load (6.2ms)[0m  [1m[34mSELECT  "users".* FROM "users" WHERE "users"."id" = $1 ORDER BY "users"."id" ASC LIMIT $2[0m  [["id", 1], ["LIMIT", 1]]
  Rendering events/index.html.erb within layouts/application
  [1m[36mEvent Load (1.1ms)[0m  [1m[34mSELECT "events".* FROM "events"[0m
  Rendered events/index.html.erb within layouts/application (12.6ms)
Completed 200 OK in 107ms (Views: 74.9ms | ActiveRecord: 13.9ms)


Started GET "/stylesheets/1-col-portfolio.css" for ::1 at 2017-04-21 15:00:19 -0400
Started GET "/stylesheets/bootstrap.min.css" for ::1 at 2017-04-21 15:00:19 -0400
  
ActionController::RoutingError (No route matches [GET] "/stylesheets/1-col-portfolio.css"):
  
actionpack (5.0.2) lib/action_dispatch/middleware/debug_exceptions.rb:53:in `call'
web-console (3.5.0) lib/web_console/middleware.rb:135:in `call_app'
web-console (3.5.0) lib/web_console/middleware.rb:28:in `block in call'
web-console (3.5.0) lib/web_console/middleware.rb:18:in `catch'
web-console (3.5.0) lib/web_console/middleware.rb:18:in `call'
actionpack (5.0.2) lib/action_dispatch/middleware/show_exceptions.rb:31:in `call'
railties (5.0.2) lib/rails/rack/logger.rb:36:in `call_app'
railties (5.0.2) lib/rails/rack/logger.rb:24:in `block in call'
activesupport (5.0.2) lib/active_support/tagged_logging.rb:69:in `block in tagged'
activesupport (5.0.2) lib/active_support/tagged_logging.rb:26:in `tagged'
activesupport (5.0.2) lib/active_support/tagged_logging.rb:69:in `tagged'
railties (5.0.2) lib/rails/rack/logger.rb:24:in `call'
sprockets-rails (3.2.0) lib/sprockets/rails/quiet_assets.rb:13:in `call'
actionpack (5.0.2) lib/action_dispatch/middleware/request_id.rb:24:in `call'
rack (2.0.1) lib/rack/method_override.rb:22:in `call'
rack (2.0.1) lib/rack/runtime.rb:22:in `call'
activesupport (5.0.2) lib/active_support/cache/strategy/local_cache_middleware.rb:28:in `call'
actionpack (5.0.2) lib/action_dispatch/middleware/executor.rb:12:in `call'
actionpack (5.0.2) lib/action_dispatch/middleware/static.rb:136:in `call'
rack (2.0.1) lib/rack/sendfile.rb:111:in `call'
railties (5.0.2) lib/rails/engine.rb:522:in `call'
puma (3.8.2) lib/puma/configuration.rb:224:in `call'
puma (3.8.2) lib/puma/server.rb:600:in `handle_request'
puma (3.8.2) lib/puma/server.rb:435:in `process_client'
puma (3.8.2) lib/puma/server.rb:299:in `block in run'
puma (3.8.2) lib/puma/thread_pool.rb:120:in `call'
puma (3.8.2) lib/puma/thread_pool.rb:120:in `block in spawn_thread'
  
ActionController::RoutingError (No route matches [GET] "/stylesheets/bootstrap.min.css"):
  
actionpack (5.0.2) lib/action_dispatch/middleware/debug_exceptions.rb:53:in `call'
web-console (3.5.0) lib/web_console/middleware.rb:135:in `call_app'
web-console (3.5.0) lib/web_console/middleware.rb:28:in `block in call'
web-console (3.5.0) lib/web_console/middleware.rb:18:in `catch'
web-console (3.5.0) lib/web_console/middleware.rb:18:in `call'
actionpack (5.0.2) lib/action_dispatch/middleware/show_exceptions.rb:31:in `call'
railties (5.0.2) lib/rails/rack/logger.rb:36:in `call_app'
railties (5.0.2) lib/rails/rack/logger.rb:24:in `block in call'
activesupport (5.0.2) lib/active_support/tagged_logging.rb:69:in `block in tagged'
activesupport (5.0.2) lib/active_support/tagged_logging.rb:26:in `tagged'
activesupport (5.0.2) lib/active_support/tagged_logging.rb:69:in `tagged'
railties (5.0.2) lib/rails/rack/logger.rb:24:in `call'
sprockets-rails (3.2.0) lib/sprockets/rails/quiet_assets.rb:13:in `call'
actionpack (5.0.2) lib/action_dispatch/middleware/request_id.rb:24:in `call'
rack (2.0.1) lib/rack/method_override.rb:22:in `call'
rack (2.0.1) lib/rack/runtime.rb:22:in `call'
activesupport (5.0.2) lib/active_support/cache/strategy/local_cache_middleware.rb:28:in `call'
actionpack (5.0.2) lib/action_dispatch/middleware/executor.rb:12:in `call'
actionpack (5.0.2) lib/action_dispatch/middleware/static.rb:136:in `call'
rack (2.0.1) lib/rack/sendfile.rb:111:in `call'
railties (5.0.2) lib/rails/engine.rb:522:in `call'
puma (3.8.2) lib/puma/configuration.rb:224:in `call'
puma (3.8.2) lib/puma/server.rb:600:in `handle_request'
puma (3.8.2) lib/puma/server.rb:435:in `process_client'
puma (3.8.2) lib/puma/server.rb:299:in `block in run'
puma (3.8.2) lib/puma/thread_pool.rb:120:in `call'
puma (3.8.2) lib/puma/thread_pool.rb:120:in `block in spawn_thread'
  Rendering /Users/David/.rvm/gems/ruby-2.2.2/gems/actionpack-5.0.2/lib/action_dispatch/middleware/templates/rescues/routing_error.html.erb within rescues/layout
  Rendering /Users/David/.rvm/gems/ruby-2.2.2/gems/actionpack-5.0.2/lib/action_dispatch/middleware/templates/rescues/_trace.html.erb
  Rendered /Users/David/.rvm/gems/ruby-2.2.2/gems/actionpack-5.0.2/lib/action_dispatch/middleware/templates/rescues/_trace.html.erb (2.2ms)
  Rendered collection of /Users/David/.rvm/gems/ruby-2.2.2/gems/actionpack-5.0.2/lib/action_dispatch/middleware/templates/routes/_route.html.erb [32 times] (13.5ms)
  Rendered /Users/David/.rvm/gems/ruby-2.2.2/gems/actionpack-5.0.2/lib/action_dispatch/middleware/templates/routes/_table.html.erb (2.0ms)
  Rendering /Users/David/.rvm/gems/ruby-2.2.2/gems/actionpack-5.0.2/lib/action_dispatch/middleware/templates/rescues/routing_error.html.erb within rescues/layout
  Rendering /Users/David/.rvm/gems/ruby-2.2.2/gems/actionpack-5.0.2/lib/action_dispatch/middleware/templates/rescues/_request_and_response.html.erb
  Rendering /Users/David/.rvm/gems/ruby-2.2.2/gems/actionpack-5.0.2/lib/action_dispatch/middleware/templates/rescues/_trace.html.erb
  Rendered /Users/David/.rvm/gems/ruby-2.2.2/gems/actionpack-5.0.2/lib/action_dispatch/middleware/templates/rescues/_trace.html.erb (2.4ms)
  Rendered /Users/David/.rvm/gems/ruby-2.2.2/gems/actionpack-5.0.2/lib/action_dispatch/middleware/templates/rescues/_request_and_response.html.erb (1.6ms)
  Rendered /Users/David/.rvm/gems/ruby-2.2.2/gems/actionpack-5.0.2/lib/action_dispatch/middleware/templates/rescues/routing_error.html.erb within rescues/layout (406.8ms)
  Rendered collection of /Users/David/.rvm/gems/ruby-2.2.2/gems/actionpack-5.0.2/lib/action_dispatch/middleware/templates/routes/_route.html.erb [32 times] (89.6ms)
  Rendered /Users/David/.rvm/gems/ruby-2.2.2/gems/actionpack-5.0.2/lib/action_dispatch/middleware/templates/routes/_table.html.erb (2.0ms)
  Rendering /Users/David/.rvm/gems/ruby-2.2.2/gems/actionpack-5.0.2/lib/action_dispatch/middleware/templates/rescues/_request_and_response.html.erb
  Rendered /Users/David/.rvm/gems/ruby-2.2.2/gems/actionpack-5.0.2/lib/action_dispatch/middleware/templates/rescues/_request_and_response.html.erb (1.7ms)
  Rendered /Users/David/.rvm/gems/ruby-2.2.2/gems/actionpack-5.0.2/lib/action_dispatch/middleware/templates/rescues/routing_error.html.erb within rescues/layout (397.5ms)
Started GET "/events/new" for ::1 at 2017-04-21 15:00:31 -0400
Processing by EventsController#new as HTML
  [1m[36mUser Load (11.8ms)[0m  [1m[34mSELECT  "users".* FROM "users" WHERE "users"."id" = $1 ORDER BY "users"."id" ASC LIMIT $2[0m  [["id", 1], ["LIMIT", 1]]
  Rendering events/new.html.erb within layouts/application
  Rendered events/_form.html.erb (12.4ms)
  Rendered events/new.html.erb within layouts/application (17.9ms)
Completed 200 OK in 119ms (Views: 71.1ms | ActiveRecord: 20.2ms)


Started GET "/users/sign_in" for ::1 at 2017-04-21 15:05:07 -0400
Processing by Devise::SessionsController#new as HTML
  [1m[36mUser Load (0.8ms)[0m  [1m[34mSELECT  "users".* FROM "users" WHERE "users"."id" = $1 ORDER BY "users"."id" ASC LIMIT $2[0m  [["id", 1], ["LIMIT", 1]]
Redirected to http://localhost:3000/
Filter chain halted as :require_no_authentication rendered or redirected
Completed 302 Found in 27ms (ActiveRecord: 0.8ms)


Started GET "/" for ::1 at 2017-04-21 15:05:07 -0400
Processing by EventsController#index as HTML
  [1m[36mUser Load (2.9ms)[0m  [1m[34mSELECT  "users".* FROM "users" WHERE "users"."id" = $1 ORDER BY "users"."id" ASC LIMIT $2[0m  [["id", 1], ["LIMIT", 1]]
  Rendering events/index.html.erb within layouts/application
  [1m[36mEvent Load (1.5ms)[0m  [1m[34mSELECT "events".* FROM "events"[0m
  Rendered events/index.html.erb within layouts/application (13.6ms)
Completed 200 OK in 88ms (Views: 68.0ms | ActiveRecord: 10.1ms)


Started GET "/stylesheets/1-col-portfolio.css" for ::1 at 2017-04-21 15:05:07 -0400
Started GET "/stylesheets/bootstrap.min.css" for ::1 at 2017-04-21 15:05:07 -0400
  
ActionController::RoutingError (No route matches [GET] "/stylesheets/bootstrap.min.css"):
  
actionpack (5.0.2) lib/action_dispatch/middleware/debug_exceptions.rb:53:in `call'
web-console (3.5.0) lib/web_console/middleware.rb:135:in `call_app'
web-console (3.5.0) lib/web_console/middleware.rb:28:in `block in call'
web-console (3.5.0) lib/web_console/middleware.rb:18:in `catch'
web-console (3.5.0) lib/web_console/middleware.rb:18:in `call'
actionpack (5.0.2) lib/action_dispatch/middleware/show_exceptions.rb:31:in `call'
railties (5.0.2) lib/rails/rack/logger.rb:36:in `call_app'
railties (5.0.2) lib/rails/rack/logger.rb:24:in `block in call'
activesupport (5.0.2) lib/active_support/tagged_logging.rb:69:in `block in tagged'
activesupport (5.0.2) lib/active_support/tagged_logging.rb:26:in `tagged'
activesupport (5.0.2) lib/active_support/tagged_logging.rb:69:in `tagged'
railties (5.0.2) lib/rails/rack/logger.rb:24:in `call'
sprockets-rails (3.2.0) lib/sprockets/rails/quiet_assets.rb:13:in `call'
actionpack (5.0.2) lib/action_dispatch/middleware/request_id.rb:24:in `call'
rack (2.0.1) lib/rack/method_override.rb:22:in `call'
rack (2.0.1) lib/rack/runtime.rb:22:in `call'
activesupport (5.0.2) lib/active_support/cache/strategy/local_cache_middleware.rb:28:in `call'
actionpack (5.0.2) lib/action_dispatch/middleware/executor.rb:12:in `call'
actionpack (5.0.2) lib/action_dispatch/middleware/static.rb:136:in `call'
rack (2.0.1) lib/rack/sendfile.rb:111:in `call'
railties (5.0.2) lib/rails/engine.rb:522:in `call'
puma (3.8.2) lib/puma/configuration.rb:224:in `call'
puma (3.8.2) lib/puma/server.rb:600:in `handle_request'
puma (3.8.2) lib/puma/server.rb:435:in `process_client'
puma (3.8.2) lib/puma/server.rb:299:in `block in run'
puma (3.8.2) lib/puma/thread_pool.rb:120:in `call'
puma (3.8.2) lib/puma/thread_pool.rb:120:in `block in spawn_thread'
  
ActionController::RoutingError (No route matches [GET] "/stylesheets/1-col-portfolio.css"):
  
actionpack (5.0.2) lib/action_dispatch/middleware/debug_exceptions.rb:53:in `call'
web-console (3.5.0) lib/web_console/middleware.rb:135:in `call_app'
web-console (3.5.0) lib/web_console/middleware.rb:28:in `block in call'
web-console (3.5.0) lib/web_console/middleware.rb:18:in `catch'
web-console (3.5.0) lib/web_console/middleware.rb:18:in `call'
actionpack (5.0.2) lib/action_dispatch/middleware/show_exceptions.rb:31:in `call'
railties (5.0.2) lib/rails/rack/logger.rb:36:in `call_app'
railties (5.0.2) lib/rails/rack/logger.rb:24:in `block in call'
activesupport (5.0.2) lib/active_support/tagged_logging.rb:69:in `block in tagged'
activesupport (5.0.2) lib/active_support/tagged_logging.rb:26:in `tagged'
activesupport (5.0.2) lib/active_support/tagged_logging.rb:69:in `tagged'
railties (5.0.2) lib/rails/rack/logger.rb:24:in `call'
sprockets-rails (3.2.0) lib/sprockets/rails/quiet_assets.rb:13:in `call'
actionpack (5.0.2) lib/action_dispatch/middleware/request_id.rb:24:in `call'
rack (2.0.1) lib/rack/method_override.rb:22:in `call'
rack (2.0.1) lib/rack/runtime.rb:22:in `call'
activesupport (5.0.2) lib/active_support/cache/strategy/local_cache_middleware.rb:28:in `call'
actionpack (5.0.2) lib/action_dispatch/middleware/executor.rb:12:in `call'
actionpack (5.0.2) lib/action_dispatch/middleware/static.rb:136:in `call'
rack (2.0.1) lib/rack/sendfile.rb:111:in `call'
railties (5.0.2) lib/rails/engine.rb:522:in `call'
puma (3.8.2) lib/puma/configuration.rb:224:in `call'
puma (3.8.2) lib/puma/server.rb:600:in `handle_request'
puma (3.8.2) lib/puma/server.rb:435:in `process_client'
puma (3.8.2) lib/puma/server.rb:299:in `block in run'
puma (3.8.2) lib/puma/thread_pool.rb:120:in `call'
puma (3.8.2) lib/puma/thread_pool.rb:120:in `block in spawn_thread'
  Rendering /Users/David/.rvm/gems/ruby-2.2.2/gems/actionpack-5.0.2/lib/action_dispatch/middleware/templates/rescues/routing_error.html.erb within rescues/layout
  Rendering /Users/David/.rvm/gems/ruby-2.2.2/gems/actionpack-5.0.2/lib/action_dispatch/middleware/templates/rescues/_trace.html.erb
  Rendered /Users/David/.rvm/gems/ruby-2.2.2/gems/actionpack-5.0.2/lib/action_dispatch/middleware/templates/rescues/_trace.html.erb (2.7ms)
  Rendered collection of /Users/David/.rvm/gems/ruby-2.2.2/gems/actionpack-5.0.2/lib/action_dispatch/middleware/templates/routes/_route.html.erb [32 times] (16.2ms)
  Rendered /Users/David/.rvm/gems/ruby-2.2.2/gems/actionpack-5.0.2/lib/action_dispatch/middleware/templates/routes/_table.html.erb (2.2ms)
  Rendering /Users/David/.rvm/gems/ruby-2.2.2/gems/actionpack-5.0.2/lib/action_dispatch/middleware/templates/rescues/routing_error.html.erb within rescues/layout
  Rendering /Users/David/.rvm/gems/ruby-2.2.2/gems/actionpack-5.0.2/lib/action_dispatch/middleware/templates/rescues/_request_and_response.html.erb
  Rendering /Users/David/.rvm/gems/ruby-2.2.2/gems/actionpack-5.0.2/lib/action_dispatch/middleware/templates/rescues/_trace.html.erb
  Rendered /Users/David/.rvm/gems/ruby-2.2.2/gems/actionpack-5.0.2/lib/action_dispatch/middleware/templates/rescues/_request_and_response.html.erb (1.6ms)
  Rendered /Users/David/.rvm/gems/ruby-2.2.2/gems/actionpack-5.0.2/lib/action_dispatch/middleware/templates/rescues/_trace.html.erb (2.1ms)
  Rendered /Users/David/.rvm/gems/ruby-2.2.2/gems/actionpack-5.0.2/lib/action_dispatch/middleware/templates/rescues/routing_error.html.erb within rescues/layout (369.1ms)
  Rendered collection of /Users/David/.rvm/gems/ruby-2.2.2/gems/actionpack-5.0.2/lib/action_dispatch/middleware/templates/routes/_route.html.erb [32 times] (29.6ms)
  Rendered /Users/David/.rvm/gems/ruby-2.2.2/gems/actionpack-5.0.2/lib/action_dispatch/middleware/templates/routes/_table.html.erb (2.0ms)
  Rendering /Users/David/.rvm/gems/ruby-2.2.2/gems/actionpack-5.0.2/lib/action_dispatch/middleware/templates/rescues/_request_and_response.html.erb
  Rendered /Users/David/.rvm/gems/ruby-2.2.2/gems/actionpack-5.0.2/lib/action_dispatch/middleware/templates/rescues/_request_and_response.html.erb (1.8ms)
  Rendered /Users/David/.rvm/gems/ruby-2.2.2/gems/actionpack-5.0.2/lib/action_dispatch/middleware/templates/rescues/routing_error.html.erb within rescues/layout (268.8ms)
Started GET "/" for ::1 at 2017-04-21 15:06:22 -0400
  
NameError (undefined local variable or method `‘sign_out’' for #<ActionDispatch::Routing::Mapper:0x007f850548da78>):
  
config/routes.rb:9:in `block (2 levels) in <top (required)>'
config/routes.rb:8:in `block in <top (required)>'
config/routes.rb:1:in `<top (required)>'
  Rendering /Users/David/.rvm/gems/ruby-2.2.2/gems/actionpack-5.0.2/lib/action_dispatch/middleware/templates/rescues/diagnostics.html.erb within rescues/layout
  Rendering /Users/David/.rvm/gems/ruby-2.2.2/gems/actionpack-5.0.2/lib/action_dispatch/middleware/templates/rescues/_source.html.erb
  Rendered /Users/David/.rvm/gems/ruby-2.2.2/gems/actionpack-5.0.2/lib/action_dispatch/middleware/templates/rescues/_source.html.erb (10.1ms)
  Rendering /Users/David/.rvm/gems/ruby-2.2.2/gems/actionpack-5.0.2/lib/action_dispatch/middleware/templates/rescues/_trace.html.erb
  Rendered /Users/David/.rvm/gems/ruby-2.2.2/gems/actionpack-5.0.2/lib/action_dispatch/middleware/templates/rescues/_trace.html.erb (4.7ms)
  Rendering /Users/David/.rvm/gems/ruby-2.2.2/gems/actionpack-5.0.2/lib/action_dispatch/middleware/templates/rescues/_request_and_response.html.erb
  Rendered /Users/David/.rvm/gems/ruby-2.2.2/gems/actionpack-5.0.2/lib/action_dispatch/middleware/templates/rescues/_request_and_response.html.erb (1.4ms)
  Rendered /Users/David/.rvm/gems/ruby-2.2.2/gems/actionpack-5.0.2/lib/action_dispatch/middleware/templates/rescues/diagnostics.html.erb within rescues/layout (168.2ms)
Started GET "/" for ::1 at 2017-04-21 15:07:05 -0400
  
NameError (undefined local variable or method `‘registrations’' for #<ActionDispatch::Routing::Mapper:0x007f8503298238>):
  
config/routes.rb:4:in `block in <top (required)>'
config/routes.rb:1:in `<top (required)>'
  Rendering /Users/David/.rvm/gems/ruby-2.2.2/gems/actionpack-5.0.2/lib/action_dispatch/middleware/templates/rescues/diagnostics.html.erb within rescues/layout
  Rendering /Users/David/.rvm/gems/ruby-2.2.2/gems/actionpack-5.0.2/lib/action_dispatch/middleware/templates/rescues/_source.html.erb
  Rendered /Users/David/.rvm/gems/ruby-2.2.2/gems/actionpack-5.0.2/lib/action_dispatch/middleware/templates/rescues/_source.html.erb (8.1ms)
  Rendering /Users/David/.rvm/gems/ruby-2.2.2/gems/actionpack-5.0.2/lib/action_dispatch/middleware/templates/rescues/_trace.html.erb
  Rendered /Users/David/.rvm/gems/ruby-2.2.2/gems/actionpack-5.0.2/lib/action_dispatch/middleware/templates/rescues/_trace.html.erb (4.5ms)
  Rendering /Users/David/.rvm/gems/ruby-2.2.2/gems/actionpack-5.0.2/lib/action_dispatch/middleware/templates/rescues/_request_and_response.html.erb
  Rendered /Users/David/.rvm/gems/ruby-2.2.2/gems/actionpack-5.0.2/lib/action_dispatch/middleware/templates/rescues/_request_and_response.html.erb (2.5ms)
  Rendered /Users/David/.rvm/gems/ruby-2.2.2/gems/actionpack-5.0.2/lib/action_dispatch/middleware/templates/rescues/diagnostics.html.erb within rescues/layout (162.9ms)
Started GET "/" for ::1 at 2017-04-21 15:08:37 -0400
  [1m[36mActiveRecord::SchemaMigration Load (0.8ms)[0m  [1m[34mSELECT "schema_migrations".* FROM "schema_migrations"[0m
Processing by EventsController#index as HTML
  [1m[36mUser Load (2.0ms)[0m  [1m[34mSELECT  "users".* FROM "users" WHERE "users"."id" = $1 ORDER BY "users"."id" ASC LIMIT $2[0m  [["id", 1], ["LIMIT", 1]]
  Rendering events/index.html.erb within layouts/application
  [1m[36mEvent Load (1.1ms)[0m  [1m[34mSELECT "events".* FROM "events"[0m
  Rendered events/index.html.erb within layouts/application (15.9ms)
Completed 200 OK in 698ms (Views: 595.5ms | ActiveRecord: 16.1ms)


Started GET "/stylesheets/1-col-portfolio.css" for ::1 at 2017-04-21 15:08:38 -0400
Started GET "/stylesheets/bootstrap.min.css" for ::1 at 2017-04-21 15:08:38 -0400
  
ActionController::RoutingError (No route matches [GET] "/stylesheets/1-col-portfolio.css"):
  
actionpack (5.0.2) lib/action_dispatch/middleware/debug_exceptions.rb:53:in `call'
web-console (3.5.0) lib/web_console/middleware.rb:135:in `call_app'
web-console (3.5.0) lib/web_console/middleware.rb:28:in `block in call'
web-console (3.5.0) lib/web_console/middleware.rb:18:in `catch'
web-console (3.5.0) lib/web_console/middleware.rb:18:in `call'
actionpack (5.0.2) lib/action_dispatch/middleware/show_exceptions.rb:31:in `call'
railties (5.0.2) lib/rails/rack/logger.rb:36:in `call_app'
railties (5.0.2) lib/rails/rack/logger.rb:24:in `block in call'
activesupport (5.0.2) lib/active_support/tagged_logging.rb:69:in `block in tagged'
activesupport (5.0.2) lib/active_support/tagged_logging.rb:26:in `tagged'
activesupport (5.0.2) lib/active_support/tagged_logging.rb:69:in `tagged'
railties (5.0.2) lib/rails/rack/logger.rb:24:in `call'
sprockets-rails (3.2.0) lib/sprockets/rails/quiet_assets.rb:13:in `call'
actionpack (5.0.2) lib/action_dispatch/middleware/request_id.rb:24:in `call'
rack (2.0.1) lib/rack/method_override.rb:22:in `call'
rack (2.0.1) lib/rack/runtime.rb:22:in `call'
activesupport (5.0.2) lib/active_support/cache/strategy/local_cache_middleware.rb:28:in `call'
actionpack (5.0.2) lib/action_dispatch/middleware/executor.rb:12:in `call'
actionpack (5.0.2) lib/action_dispatch/middleware/static.rb:136:in `call'
rack (2.0.1) lib/rack/sendfile.rb:111:in `call'
railties (5.0.2) lib/rails/engine.rb:522:in `call'
puma (3.8.2) lib/puma/configuration.rb:224:in `call'
puma (3.8.2) lib/puma/server.rb:600:in `handle_request'
puma (3.8.2) lib/puma/server.rb:435:in `process_client'
puma (3.8.2) lib/puma/server.rb:299:in `block in run'
puma (3.8.2) lib/puma/thread_pool.rb:120:in `call'
puma (3.8.2) lib/puma/thread_pool.rb:120:in `block in spawn_thread'
  Rendering /Users/David/.rvm/gems/ruby-2.2.2/gems/actionpack-5.0.2/lib/action_dispatch/middleware/templates/rescues/routing_error.html.erb within rescues/layout
  Rendering /Users/David/.rvm/gems/ruby-2.2.2/gems/actionpack-5.0.2/lib/action_dispatch/middleware/templates/rescues/_trace.html.erb
  Rendered /Users/David/.rvm/gems/ruby-2.2.2/gems/actionpack-5.0.2/lib/action_dispatch/middleware/templates/rescues/_trace.html.erb (2.5ms)
  
ActionController::RoutingError (No route matches [GET] "/stylesheets/bootstrap.min.css"):
  
actionpack (5.0.2) lib/action_dispatch/middleware/debug_exceptions.rb:53:in `call'
web-console (3.5.0) lib/web_console/middleware.rb:135:in `call_app'
web-console (3.5.0) lib/web_console/middleware.rb:28:in `block in call'
web-console (3.5.0) lib/web_console/middleware.rb:18:in `catch'
web-console (3.5.0) lib/web_console/middleware.rb:18:in `call'
actionpack (5.0.2) lib/action_dispatch/middleware/show_exceptions.rb:31:in `call'
railties (5.0.2) lib/rails/rack/logger.rb:36:in `call_app'
railties (5.0.2) lib/rails/rack/logger.rb:24:in `block in call'
activesupport (5.0.2) lib/active_support/tagged_logging.rb:69:in `block in tagged'
activesupport (5.0.2) lib/active_support/tagged_logging.rb:26:in `tagged'
activesupport (5.0.2) lib/active_support/tagged_logging.rb:69:in `tagged'
railties (5.0.2) lib/rails/rack/logger.rb:24:in `call'
sprockets-rails (3.2.0) lib/sprockets/rails/quiet_assets.rb:13:in `call'
actionpack (5.0.2) lib/action_dispatch/middleware/request_id.rb:24:in `call'
rack (2.0.1) lib/rack/method_override.rb:22:in `call'
rack (2.0.1) lib/rack/runtime.rb:22:in `call'
activesupport (5.0.2) lib/active_support/cache/strategy/local_cache_middleware.rb:28:in `call'
actionpack (5.0.2) lib/action_dispatch/middleware/executor.rb:12:in `call'
actionpack (5.0.2) lib/action_dispatch/middleware/static.rb:136:in `call'
rack (2.0.1) lib/rack/sendfile.rb:111:in `call'
railties (5.0.2) lib/rails/engine.rb:522:in `call'
puma (3.8.2) lib/puma/configuration.rb:224:in `call'
puma (3.8.2) lib/puma/server.rb:600:in `handle_request'
puma (3.8.2) lib/puma/server.rb:435:in `process_client'
puma (3.8.2) lib/puma/server.rb:299:in `block in run'
puma (3.8.2) lib/puma/thread_pool.rb:120:in `call'
puma (3.8.2) lib/puma/thread_pool.rb:120:in `block in spawn_thread'
  Rendering /Users/David/.rvm/gems/ruby-2.2.2/gems/actionpack-5.0.2/lib/action_dispatch/middleware/templates/rescues/routing_error.html.erb within rescues/layout
  Rendered collection of /Users/David/.rvm/gems/ruby-2.2.2/gems/actionpack-5.0.2/lib/action_dispatch/middleware/templates/routes/_route.html.erb [32 times] (16.4ms)
  Rendering /Users/David/.rvm/gems/ruby-2.2.2/gems/actionpack-5.0.2/lib/action_dispatch/middleware/templates/rescues/_trace.html.erb
  Rendered /Users/David/.rvm/gems/ruby-2.2.2/gems/actionpack-5.0.2/lib/action_dispatch/middleware/templates/rescues/_trace.html.erb (2.7ms)
  Rendered collection of /Users/David/.rvm/gems/ruby-2.2.2/gems/actionpack-5.0.2/lib/action_dispatch/middleware/templates/routes/_route.html.erb [32 times] (15.6ms)
  Rendered /Users/David/.rvm/gems/ruby-2.2.2/gems/actionpack-5.0.2/lib/action_dispatch/middleware/templates/routes/_table.html.erb (20.0ms)
  Rendering /Users/David/.rvm/gems/ruby-2.2.2/gems/actionpack-5.0.2/lib/action_dispatch/middleware/templates/rescues/_request_and_response.html.erb
  Rendered /Users/David/.rvm/gems/ruby-2.2.2/gems/actionpack-5.0.2/lib/action_dispatch/middleware/templates/rescues/_request_and_response.html.erb (1.9ms)
  Rendered /Users/David/.rvm/gems/ruby-2.2.2/gems/actionpack-5.0.2/lib/action_dispatch/middleware/templates/rescues/routing_error.html.erb within rescues/layout (330.6ms)
  Rendered /Users/David/.rvm/gems/ruby-2.2.2/gems/actionpack-5.0.2/lib/action_dispatch/middleware/templates/routes/_table.html.erb (2.0ms)
  Rendering /Users/David/.rvm/gems/ruby-2.2.2/gems/actionpack-5.0.2/lib/action_dispatch/middleware/templates/rescues/_request_and_response.html.erb
  Rendered /Users/David/.rvm/gems/ruby-2.2.2/gems/actionpack-5.0.2/lib/action_dispatch/middleware/templates/rescues/_request_and_response.html.erb (1.7ms)
  Rendered /Users/David/.rvm/gems/ruby-2.2.2/gems/actionpack-5.0.2/lib/action_dispatch/middleware/templates/rescues/routing_error.html.erb within rescues/layout (861.8ms)
Started GET "/" for ::1 at 2017-04-21 15:10:47 -0400
Processing by EventsController#index as HTML
  [1m[36mUser Load (1.1ms)[0m  [1m[34mSELECT  "users".* FROM "users" WHERE "users"."id" = $1 ORDER BY "users"."id" ASC LIMIT $2[0m  [["id", 1], ["LIMIT", 1]]
  Rendering events/index.html.erb within layouts/application
  [1m[36mEvent Load (0.5ms)[0m  [1m[34mSELECT "events".* FROM "events"[0m
  Rendered events/index.html.erb within layouts/application (2.8ms)
Completed 500 Internal Server Error in 310ms (ActiveRecord: 1.6ms)


  
ActionView::Template::Error (undefined local variable or method `‘Logout’' for #<#<Class:0x007fa67cb55638>:0x007fa68311a400>):
    26: 
    27:       <% if user_signed_in? %>
    28:   <li>
    29:   <%= link_to(‘Logout’, destroy_user_session_path, :method => :delete) %>
    30:  </li>
    31: <% else %>
    32:   <li>
  
app/views/layouts/application.html.erb:29:in `_app_views_layouts_application_html_erb___1257441369929045376_70176570150740'
  Rendering /Users/David/.rvm/gems/ruby-2.2.2/gems/actionpack-5.0.2/lib/action_dispatch/middleware/templates/rescues/template_error.html.erb within rescues/layout
  Rendering /Users/David/.rvm/gems/ruby-2.2.2/gems/actionpack-5.0.2/lib/action_dispatch/middleware/templates/rescues/_source.html.erb
  Rendered /Users/David/.rvm/gems/ruby-2.2.2/gems/actionpack-5.0.2/lib/action_dispatch/middleware/templates/rescues/_source.html.erb (13.9ms)
  Rendering /Users/David/.rvm/gems/ruby-2.2.2/gems/actionpack-5.0.2/lib/action_dispatch/middleware/templates/rescues/_trace.html.erb
  Rendered /Users/David/.rvm/gems/ruby-2.2.2/gems/actionpack-5.0.2/lib/action_dispatch/middleware/templates/rescues/_trace.html.erb (5.3ms)
  Rendering /Users/David/.rvm/gems/ruby-2.2.2/gems/actionpack-5.0.2/lib/action_dispatch/middleware/templates/rescues/_request_and_response.html.erb
  Rendered /Users/David/.rvm/gems/ruby-2.2.2/gems/actionpack-5.0.2/lib/action_dispatch/middleware/templates/rescues/_request_and_response.html.erb (1.4ms)
  Rendered /Users/David/.rvm/gems/ruby-2.2.2/gems/actionpack-5.0.2/lib/action_dispatch/middleware/templates/rescues/template_error.html.erb within rescues/layout (168.7ms)
Started GET "/" for ::1 at 2017-04-21 15:13:36 -0400
  [1m[36mActiveRecord::SchemaMigration Load (1.0ms)[0m  [1m[34mSELECT "schema_migrations".* FROM "schema_migrations"[0m
Processing by EventsController#index as HTML
  [1m[36mUser Load (1.8ms)[0m  [1m[34mSELECT  "users".* FROM "users" WHERE "users"."id" = $1 ORDER BY "users"."id" ASC LIMIT $2[0m  [["id", 1], ["LIMIT", 1]]
  Rendering events/index.html.erb within layouts/application
  [1m[36mEvent Load (1.2ms)[0m  [1m[34mSELECT "events".* FROM "events"[0m
  Rendered events/index.html.erb within layouts/application (15.0ms)
Completed 500 Internal Server Error in 972ms (ActiveRecord: 14.8ms)


  
ActionView::Template::Error (undefined local variable or method `‘Logout’' for #<#<Class:0x007f836b2f2bf0>:0x007f836ac04578>):
    26: 
    27:       <% if user_signed_in? %>
    28:   <li>
    29:   <%= link_to(‘Logout’, destroy_user_session_path, :method => :delete) %>
    30:  </li>
    31: <% else %>
    32:   <li>
  
app/views/layouts/application.html.erb:29:in `_app_views_layouts_application_html_erb___2286783009342027647_70101204053960'
  Rendering /Users/David/.rvm/gems/ruby-2.2.2/gems/actionpack-5.0.2/lib/action_dispatch/middleware/templates/rescues/template_error.html.erb within rescues/layout
  Rendering /Users/David/.rvm/gems/ruby-2.2.2/gems/actionpack-5.0.2/lib/action_dispatch/middleware/templates/rescues/_source.html.erb
  Rendered /Users/David/.rvm/gems/ruby-2.2.2/gems/actionpack-5.0.2/lib/action_dispatch/middleware/templates/rescues/_source.html.erb (12.3ms)
  Rendering /Users/David/.rvm/gems/ruby-2.2.2/gems/actionpack-5.0.2/lib/action_dispatch/middleware/templates/rescues/_trace.html.erb
  Rendered /Users/David/.rvm/gems/ruby-2.2.2/gems/actionpack-5.0.2/lib/action_dispatch/middleware/templates/rescues/_trace.html.erb (4.8ms)
  Rendering /Users/David/.rvm/gems/ruby-2.2.2/gems/actionpack-5.0.2/lib/action_dispatch/middleware/templates/rescues/_request_and_response.html.erb
  Rendered /Users/David/.rvm/gems/ruby-2.2.2/gems/actionpack-5.0.2/lib/action_dispatch/middleware/templates/rescues/_request_and_response.html.erb (1.3ms)
  Rendered /Users/David/.rvm/gems/ruby-2.2.2/gems/actionpack-5.0.2/lib/action_dispatch/middleware/templates/rescues/template_error.html.erb within rescues/layout (181.6ms)
Started GET "/" for ::1 at 2017-04-21 15:14:00 -0400
Processing by EventsController#index as HTML
  [1m[36mUser Load (1.2ms)[0m  [1m[34mSELECT  "users".* FROM "users" WHERE "users"."id" = $1 ORDER BY "users"."id" ASC LIMIT $2[0m  [["id", 1], ["LIMIT", 1]]
  Rendering events/index.html.erb within layouts/application
  [1m[36mEvent Load (0.5ms)[0m  [1m[34mSELECT "events".* FROM "events"[0m
  Rendered events/index.html.erb within layouts/application (2.5ms)
Completed 200 OK in 67ms (Views: 58.9ms | ActiveRecord: 1.7ms)


Started GET "/stylesheets/bootstrap.min.css" for ::1 at 2017-04-21 15:14:00 -0400
  
ActionController::RoutingError (No route matches [GET] "/stylesheets/bootstrap.min.css"):
  
Started GET "/stylesheets/1-col-portfolio.css" for ::1 at 2017-04-21 15:14:00 -0400
actionpack (5.0.2) lib/action_dispatch/middleware/debug_exceptions.rb:53:in `call'
web-console (3.5.0) lib/web_console/middleware.rb:135:in `call_app'
web-console (3.5.0) lib/web_console/middleware.rb:28:in `block in call'
web-console (3.5.0) lib/web_console/middleware.rb:18:in `catch'
web-console (3.5.0) lib/web_console/middleware.rb:18:in `call'
actionpack (5.0.2) lib/action_dispatch/middleware/show_exceptions.rb:31:in `call'
railties (5.0.2) lib/rails/rack/logger.rb:36:in `call_app'
railties (5.0.2) lib/rails/rack/logger.rb:24:in `block in call'
activesupport (5.0.2) lib/active_support/tagged_logging.rb:69:in `block in tagged'
activesupport (5.0.2) lib/active_support/tagged_logging.rb:26:in `tagged'
activesupport (5.0.2) lib/active_support/tagged_logging.rb:69:in `tagged'
railties (5.0.2) lib/rails/rack/logger.rb:24:in `call'
sprockets-rails (3.2.0) lib/sprockets/rails/quiet_assets.rb:13:in `call'
actionpack (5.0.2) lib/action_dispatch/middleware/request_id.rb:24:in `call'
rack (2.0.1) lib/rack/method_override.rb:22:in `call'
rack (2.0.1) lib/rack/runtime.rb:22:in `call'
activesupport (5.0.2) lib/active_support/cache/strategy/local_cache_middleware.rb:28:in `call'
actionpack (5.0.2) lib/action_dispatch/middleware/executor.rb:12:in `call'
actionpack (5.0.2) lib/action_dispatch/middleware/static.rb:136:in `call'
rack (2.0.1) lib/rack/sendfile.rb:111:in `call'
railties (5.0.2) lib/rails/engine.rb:522:in `call'
puma (3.8.2) lib/puma/configuration.rb:224:in `call'
puma (3.8.2) lib/puma/server.rb:600:in `handle_request'
puma (3.8.2) lib/puma/server.rb:435:in `process_client'
puma (3.8.2) lib/puma/server.rb:299:in `block in run'
puma (3.8.2) lib/puma/thread_pool.rb:120:in `call'
puma (3.8.2) lib/puma/thread_pool.rb:120:in `block in spawn_thread'
  
ActionController::RoutingError (No route matches [GET] "/stylesheets/1-col-portfolio.css"):
  
actionpack (5.0.2) lib/action_dispatch/middleware/debug_exceptions.rb:53:in `call'
web-console (3.5.0) lib/web_console/middleware.rb:135:in `call_app'
web-console (3.5.0) lib/web_console/middleware.rb:28:in `block in call'
web-console (3.5.0) lib/web_console/middleware.rb:18:in `catch'
web-console (3.5.0) lib/web_console/middleware.rb:18:in `call'
actionpack (5.0.2) lib/action_dispatch/middleware/show_exceptions.rb:31:in `call'
railties (5.0.2) lib/rails/rack/logger.rb:36:in `call_app'
railties (5.0.2) lib/rails/rack/logger.rb:24:in `block in call'
activesupport (5.0.2) lib/active_support/tagged_logging.rb:69:in `block in tagged'
activesupport (5.0.2) lib/active_support/tagged_logging.rb:26:in `tagged'
activesupport (5.0.2) lib/active_support/tagged_logging.rb:69:in `tagged'
railties (5.0.2) lib/rails/rack/logger.rb:24:in `call'
sprockets-rails (3.2.0) lib/sprockets/rails/quiet_assets.rb:13:in `call'
actionpack (5.0.2) lib/action_dispatch/middleware/request_id.rb:24:in `call'
rack (2.0.1) lib/rack/method_override.rb:22:in `call'
rack (2.0.1) lib/rack/runtime.rb:22:in `call'
activesupport (5.0.2) lib/active_support/cache/strategy/local_cache_middleware.rb:28:in `call'
actionpack (5.0.2) lib/action_dispatch/middleware/executor.rb:12:in `call'
actionpack (5.0.2) lib/action_dispatch/middleware/static.rb:136:in `call'
rack (2.0.1) lib/rack/sendfile.rb:111:in `call'
railties (5.0.2) lib/rails/engine.rb:522:in `call'
puma (3.8.2) lib/puma/configuration.rb:224:in `call'
puma (3.8.2) lib/puma/server.rb:600:in `handle_request'
puma (3.8.2) lib/puma/server.rb:435:in `process_client'
puma (3.8.2) lib/puma/server.rb:299:in `block in run'
puma (3.8.2) lib/puma/thread_pool.rb:120:in `call'
puma (3.8.2) lib/puma/thread_pool.rb:120:in `block in spawn_thread'
  Rendering /Users/David/.rvm/gems/ruby-2.2.2/gems/actionpack-5.0.2/lib/action_dispatch/middleware/templates/rescues/routing_error.html.erb within rescues/layout
  Rendering /Users/David/.rvm/gems/ruby-2.2.2/gems/actionpack-5.0.2/lib/action_dispatch/middleware/templates/rescues/_trace.html.erb
  Rendered /Users/David/.rvm/gems/ruby-2.2.2/gems/actionpack-5.0.2/lib/action_dispatch/middleware/templates/rescues/_trace.html.erb (2.7ms)
  Rendered collection of /Users/David/.rvm/gems/ruby-2.2.2/gems/actionpack-5.0.2/lib/action_dispatch/middleware/templates/routes/_route.html.erb [32 times] (16.9ms)
  Rendering /Users/David/.rvm/gems/ruby-2.2.2/gems/actionpack-5.0.2/lib/action_dispatch/middleware/templates/rescues/routing_error.html.erb within rescues/layout
  Rendered /Users/David/.rvm/gems/ruby-2.2.2/gems/actionpack-5.0.2/lib/action_dispatch/middleware/templates/routes/_table.html.erb (16.4ms)
  Rendering /Users/David/.rvm/gems/ruby-2.2.2/gems/actionpack-5.0.2/lib/action_dispatch/middleware/templates/rescues/_request_and_response.html.erb
  Rendering /Users/David/.rvm/gems/ruby-2.2.2/gems/actionpack-5.0.2/lib/action_dispatch/middleware/templates/rescues/_trace.html.erb
  Rendered /Users/David/.rvm/gems/ruby-2.2.2/gems/actionpack-5.0.2/lib/action_dispatch/middleware/templates/rescues/_request_and_response.html.erb (2.1ms)
  Rendered /Users/David/.rvm/gems/ruby-2.2.2/gems/actionpack-5.0.2/lib/action_dispatch/middleware/templates/rescues/_trace.html.erb (3.0ms)
  Rendered /Users/David/.rvm/gems/ruby-2.2.2/gems/actionpack-5.0.2/lib/action_dispatch/middleware/templates/rescues/routing_error.html.erb within rescues/layout (367.1ms)
  Rendered collection of /Users/David/.rvm/gems/ruby-2.2.2/gems/actionpack-5.0.2/lib/action_dispatch/middleware/templates/routes/_route.html.erb [32 times] (19.5ms)
  Rendered /Users/David/.rvm/gems/ruby-2.2.2/gems/actionpack-5.0.2/lib/action_dispatch/middleware/templates/routes/_table.html.erb (3.1ms)
  Rendering /Users/David/.rvm/gems/ruby-2.2.2/gems/actionpack-5.0.2/lib/action_dispatch/middleware/templates/rescues/_request_and_response.html.erb
  Rendered /Users/David/.rvm/gems/ruby-2.2.2/gems/actionpack-5.0.2/lib/action_dispatch/middleware/templates/rescues/_request_and_response.html.erb (2.1ms)
  Rendered /Users/David/.rvm/gems/ruby-2.2.2/gems/actionpack-5.0.2/lib/action_dispatch/middleware/templates/rescues/routing_error.html.erb within rescues/layout (376.8ms)
Started DELETE "/users/sign_out" for ::1 at 2017-04-21 15:14:04 -0400
Processing by Devise::SessionsController#destroy as HTML
  Parameters: {"authenticity_token"=>"HCmbukae0ycYPy6NOv0igYQQtoq1WS8S73ywNCcC5BtbmEMOy+lJfIib2tbKRVxVUbHDOquTiqZJhhe2ir4aIA=="}
  [1m[36mUser Load (1.3ms)[0m  [1m[34mSELECT  "users".* FROM "users" WHERE "users"."id" = $1 ORDER BY "users"."id" ASC LIMIT $2[0m  [["id", 1], ["LIMIT", 1]]
  [1m[35m (0.2ms)[0m  [1m[35mBEGIN[0m
  [1m[35m (0.2ms)[0m  [1m[35mCOMMIT[0m
Redirected to http://localhost:3000/
Completed 302 Found in 32ms (ActiveRecord: 1.8ms)


Started GET "/" for ::1 at 2017-04-21 15:14:04 -0400
Processing by EventsController#index as HTML
Completed 401 Unauthorized in 10ms (ActiveRecord: 0.0ms)


Started GET "/users/sign_in" for ::1 at 2017-04-21 15:14:04 -0400
Processing by Devise::SessionsController#new as HTML
  Rendering devise/sessions/new.html.erb within layouts/application
  Rendered devise/shared/_links.html.erb (2.1ms)
  Rendered devise/sessions/new.html.erb within layouts/application (18.8ms)
Completed 200 OK in 103ms (Views: 99.8ms | ActiveRecord: 0.0ms)


Started GET "/users/stylesheets/bootstrap.min.css" for ::1 at 2017-04-21 15:14:04 -0400
  
ActionController::RoutingError (No route matches [GET] "/users/stylesheets/bootstrap.min.css"):
  
actionpack (5.0.2) lib/action_dispatch/middleware/debug_exceptions.rb:53:in `call'
web-console (3.5.0) lib/web_console/middleware.rb:135:in `call_app'
web-console (3.5.0) lib/web_console/middleware.rb:28:in `block in call'
web-console (3.5.0) lib/web_console/middleware.rb:18:in `catch'
web-console (3.5.0) lib/web_console/middleware.rb:18:in `call'
actionpack (5.0.2) lib/action_dispatch/middleware/show_exceptions.rb:31:in `call'
railties (5.0.2) lib/rails/rack/logger.rb:36:in `call_app'
railties (5.0.2) lib/rails/rack/logger.rb:24:in `block in call'
activesupport (5.0.2) lib/active_support/tagged_logging.rb:69:in `block in tagged'
activesupport (5.0.2) lib/active_support/tagged_logging.rb:26:in `tagged'
activesupport (5.0.2) lib/active_support/tagged_logging.rb:69:in `tagged'
railties (5.0.2) lib/rails/rack/logger.rb:24:in `call'
sprockets-rails (3.2.0) lib/sprockets/rails/quiet_assets.rb:13:in `call'
actionpack (5.0.2) lib/action_dispatch/middleware/request_id.rb:24:in `call'
rack (2.0.1) lib/rack/method_override.rb:22:in `call'
rack (2.0.1) lib/rack/runtime.rb:22:in `call'
activesupport (5.0.2) lib/active_support/cache/strategy/local_cache_middleware.rb:28:in `call'
actionpack (5.0.2) lib/action_dispatch/middleware/executor.rb:12:in `call'
actionpack (5.0.2) lib/action_dispatch/middleware/static.rb:136:in `call'
rack (2.0.1) lib/rack/sendfile.rb:111:in `call'
railties (5.0.2) lib/rails/engine.rb:522:in `call'
puma (3.8.2) lib/puma/configuration.rb:224:in `call'
puma (3.8.2) lib/puma/server.rb:600:in `handle_request'
puma (3.8.2) lib/puma/server.rb:435:in `process_client'
puma (3.8.2) lib/puma/server.rb:299:in `block in run'
puma (3.8.2) lib/puma/thread_pool.rb:120:in `call'
puma (3.8.2) lib/puma/thread_pool.rb:120:in `block in spawn_thread'
Started GET "/users/stylesheets/1-col-portfolio.css" for ::1 at 2017-04-21 15:14:04 -0400
  
ActionController::RoutingError (No route matches [GET] "/users/stylesheets/1-col-portfolio.css"):
  
actionpack (5.0.2) lib/action_dispatch/middleware/debug_exceptions.rb:53:in `call'
web-console (3.5.0) lib/web_console/middleware.rb:135:in `call_app'
web-console (3.5.0) lib/web_console/middleware.rb:28:in `block in call'
web-console (3.5.0) lib/web_console/middleware.rb:18:in `catch'
web-console (3.5.0) lib/web_console/middleware.rb:18:in `call'
actionpack (5.0.2) lib/action_dispatch/middleware/show_exceptions.rb:31:in `call'
railties (5.0.2) lib/rails/rack/logger.rb:36:in `call_app'
railties (5.0.2) lib/rails/rack/logger.rb:24:in `block in call'
activesupport (5.0.2) lib/active_support/tagged_logging.rb:69:in `block in tagged'
activesupport (5.0.2) lib/active_support/tagged_logging.rb:26:in `tagged'
activesupport (5.0.2) lib/active_support/tagged_logging.rb:69:in `tagged'
railties (5.0.2) lib/rails/rack/logger.rb:24:in `call'
sprockets-rails (3.2.0) lib/sprockets/rails/quiet_assets.rb:13:in `call'
actionpack (5.0.2) lib/action_dispatch/middleware/request_id.rb:24:in `call'
rack (2.0.1) lib/rack/method_override.rb:22:in `call'
rack (2.0.1) lib/rack/runtime.rb:22:in `call'
activesupport (5.0.2) lib/active_support/cache/strategy/local_cache_middleware.rb:28:in `call'
actionpack (5.0.2) lib/action_dispatch/middleware/executor.rb:12:in `call'
actionpack (5.0.2) lib/action_dispatch/middleware/static.rb:136:in `call'
rack (2.0.1) lib/rack/sendfile.rb:111:in `call'
railties (5.0.2) lib/rails/engine.rb:522:in `call'
puma (3.8.2) lib/puma/configuration.rb:224:in `call'
puma (3.8.2) lib/puma/server.rb:600:in `handle_request'
puma (3.8.2) lib/puma/server.rb:435:in `process_client'
puma (3.8.2) lib/puma/server.rb:299:in `block in run'
puma (3.8.2) lib/puma/thread_pool.rb:120:in `call'
puma (3.8.2) lib/puma/thread_pool.rb:120:in `block in spawn_thread'
  Rendering /Users/David/.rvm/gems/ruby-2.2.2/gems/actionpack-5.0.2/lib/action_dispatch/middleware/templates/rescues/routing_error.html.erb within rescues/layout
  Rendering /Users/David/.rvm/gems/ruby-2.2.2/gems/actionpack-5.0.2/lib/action_dispatch/middleware/templates/rescues/_trace.html.erb
  Rendered /Users/David/.rvm/gems/ruby-2.2.2/gems/actionpack-5.0.2/lib/action_dispatch/middleware/templates/rescues/_trace.html.erb (2.2ms)
  Rendering /Users/David/.rvm/gems/ruby-2.2.2/gems/actionpack-5.0.2/lib/action_dispatch/middleware/templates/rescues/routing_error.html.erb within rescues/layout
  Rendering /Users/David/.rvm/gems/ruby-2.2.2/gems/actionpack-5.0.2/lib/action_dispatch/middleware/templates/rescues/_trace.html.erb
  Rendered /Users/David/.rvm/gems/ruby-2.2.2/gems/actionpack-5.0.2/lib/action_dispatch/middleware/templates/rescues/_trace.html.erb (2.3ms)
  Rendered collection of /Users/David/.rvm/gems/ruby-2.2.2/gems/actionpack-5.0.2/lib/action_dispatch/middleware/templates/routes/_route.html.erb [32 times] (14.4ms)
  Rendered collection of /Users/David/.rvm/gems/ruby-2.2.2/gems/actionpack-5.0.2/lib/action_dispatch/middleware/templates/routes/_route.html.erb [32 times] (17.2ms)
  Rendered /Users/David/.rvm/gems/ruby-2.2.2/gems/actionpack-5.0.2/lib/action_dispatch/middleware/templates/routes/_table.html.erb (2.6ms)
  Rendered /Users/David/.rvm/gems/ruby-2.2.2/gems/actionpack-5.0.2/lib/action_dispatch/middleware/templates/routes/_table.html.erb (2.2ms)
  Rendering /Users/David/.rvm/gems/ruby-2.2.2/gems/actionpack-5.0.2/lib/action_dispatch/middleware/templates/rescues/_request_and_response.html.erb
  Rendered /Users/David/.rvm/gems/ruby-2.2.2/gems/actionpack-5.0.2/lib/action_dispatch/middleware/templates/rescues/_request_and_response.html.erb (2.0ms)
  Rendered /Users/David/.rvm/gems/ruby-2.2.2/gems/actionpack-5.0.2/lib/action_dispatch/middleware/templates/rescues/routing_error.html.erb within rescues/layout (349.6ms)
  Rendering /Users/David/.rvm/gems/ruby-2.2.2/gems/actionpack-5.0.2/lib/action_dispatch/middleware/templates/rescues/_request_and_response.html.erb
  Rendered /Users/David/.rvm/gems/ruby-2.2.2/gems/actionpack-5.0.2/lib/action_dispatch/middleware/templates/rescues/_request_and_response.html.erb (1.6ms)
  Rendered /Users/David/.rvm/gems/ruby-2.2.2/gems/actionpack-5.0.2/lib/action_dispatch/middleware/templates/rescues/routing_error.html.erb within rescues/layout (573.6ms)
Started GET "/users/sign_up" for ::1 at 2017-04-21 15:14:25 -0400
Processing by Devise::RegistrationsController#new as HTML
  Rendering devise/registrations/new.html.erb within layouts/application
  Rendered devise/shared/_links.html.erb (2.1ms)
  Rendered devise/registrations/new.html.erb within layouts/application (10.7ms)
Completed 200 OK in 110ms (Views: 108.0ms | ActiveRecord: 0.0ms)


Started GET "/users/sign_up" for ::1 at 2017-04-21 15:15:37 -0400
Processing by Devise::RegistrationsController#new as HTML
  Rendering devise/registrations/new.html.erb within layouts/application
  Rendered devise/shared/_links.html.erb (2.8ms)
  Rendered devise/registrations/new.html.erb within layouts/application (17.8ms)
Completed 200 OK in 104ms (Views: 102.7ms | ActiveRecord: 0.0ms)


Started GET "/users/stylesheets/bootstrap.min.css" for ::1 at 2017-04-21 15:15:38 -0400
  
ActionController::RoutingError (No route matches [GET] "/users/stylesheets/bootstrap.min.css"):
  
actionpack (5.0.2) lib/action_dispatch/middleware/debug_exceptions.rb:53:in `call'
web-console (3.5.0) lib/web_console/middleware.rb:135:in `call_app'
web-console (3.5.0) lib/web_console/middleware.rb:28:in `block in call'
web-console (3.5.0) lib/web_console/middleware.rb:18:in `catch'
web-console (3.5.0) lib/web_console/middleware.rb:18:in `call'
actionpack (5.0.2) lib/action_dispatch/middleware/show_exceptions.rb:31:in `call'
railties (5.0.2) lib/rails/rack/logger.rb:36:in `call_app'
railties (5.0.2) lib/rails/rack/logger.rb:24:in `block in call'
activesupport (5.0.2) lib/active_support/tagged_logging.rb:69:in `block in tagged'
activesupport (5.0.2) lib/active_support/tagged_logging.rb:26:in `tagged'
activesupport (5.0.2) lib/active_support/tagged_logging.rb:69:in `tagged'
railties (5.0.2) lib/rails/rack/logger.rb:24:in `call'
sprockets-rails (3.2.0) lib/sprockets/rails/quiet_assets.rb:13:in `call'
actionpack (5.0.2) lib/action_dispatch/middleware/request_id.rb:24:in `call'
rack (2.0.1) lib/rack/method_override.rb:22:in `call'
rack (2.0.1) lib/rack/runtime.rb:22:in `call'
activesupport (5.0.2) lib/active_support/cache/strategy/local_cache_middleware.rb:28:in `call'
actionpack (5.0.2) lib/action_dispatch/middleware/executor.rb:12:in `call'
actionpack (5.0.2) lib/action_dispatch/middleware/static.rb:136:in `call'
rack (2.0.1) lib/rack/sendfile.rb:111:in `call'
railties (5.0.2) lib/rails/engine.rb:522:in `call'
puma (3.8.2) lib/puma/configuration.rb:224:in `call'
puma (3.8.2) lib/puma/server.rb:600:in `handle_request'
puma (3.8.2) lib/puma/server.rb:435:in `process_client'
puma (3.8.2) lib/puma/server.rb:299:in `block in run'
puma (3.8.2) lib/puma/thread_pool.rb:120:in `call'
puma (3.8.2) lib/puma/thread_pool.rb:120:in `block in spawn_thread'
Started GET "/users/stylesheets/1-col-portfolio.css" for ::1 at 2017-04-21 15:15:38 -0400
  
ActionController::RoutingError (No route matches [GET] "/users/stylesheets/1-col-portfolio.css"):
  
actionpack (5.0.2) lib/action_dispatch/middleware/debug_exceptions.rb:53:in `call'
web-console (3.5.0) lib/web_console/middleware.rb:135:in `call_app'
web-console (3.5.0) lib/web_console/middleware.rb:28:in `block in call'
web-console (3.5.0) lib/web_console/middleware.rb:18:in `catch'
web-console (3.5.0) lib/web_console/middleware.rb:18:in `call'
actionpack (5.0.2) lib/action_dispatch/middleware/show_exceptions.rb:31:in `call'
railties (5.0.2) lib/rails/rack/logger.rb:36:in `call_app'
railties (5.0.2) lib/rails/rack/logger.rb:24:in `block in call'
activesupport (5.0.2) lib/active_support/tagged_logging.rb:69:in `block in tagged'
activesupport (5.0.2) lib/active_support/tagged_logging.rb:26:in `tagged'
activesupport (5.0.2) lib/active_support/tagged_logging.rb:69:in `tagged'
railties (5.0.2) lib/rails/rack/logger.rb:24:in `call'
sprockets-rails (3.2.0) lib/sprockets/rails/quiet_assets.rb:13:in `call'
actionpack (5.0.2) lib/action_dispatch/middleware/request_id.rb:24:in `call'
rack (2.0.1) lib/rack/method_override.rb:22:in `call'
rack (2.0.1) lib/rack/runtime.rb:22:in `call'
activesupport (5.0.2) lib/active_support/cache/strategy/local_cache_middleware.rb:28:in `call'
actionpack (5.0.2) lib/action_dispatch/middleware/executor.rb:12:in `call'
actionpack (5.0.2) lib/action_dispatch/middleware/static.rb:136:in `call'
rack (2.0.1) lib/rack/sendfile.rb:111:in `call'
railties (5.0.2) lib/rails/engine.rb:522:in `call'
puma (3.8.2) lib/puma/configuration.rb:224:in `call'
puma (3.8.2) lib/puma/server.rb:600:in `handle_request'
puma (3.8.2) lib/puma/server.rb:435:in `process_client'
puma (3.8.2) lib/puma/server.rb:299:in `block in run'
puma (3.8.2) lib/puma/thread_pool.rb:120:in `call'
puma (3.8.2) lib/puma/thread_pool.rb:120:in `block in spawn_thread'
  Rendering /Users/David/.rvm/gems/ruby-2.2.2/gems/actionpack-5.0.2/lib/action_dispatch/middleware/templates/rescues/routing_error.html.erb within rescues/layout
  Rendering /Users/David/.rvm/gems/ruby-2.2.2/gems/actionpack-5.0.2/lib/action_dispatch/middleware/templates/rescues/_trace.html.erb
  Rendered /Users/David/.rvm/gems/ruby-2.2.2/gems/actionpack-5.0.2/lib/action_dispatch/middleware/templates/rescues/_trace.html.erb (2.5ms)
  Rendered collection of /Users/David/.rvm/gems/ruby-2.2.2/gems/actionpack-5.0.2/lib/action_dispatch/middleware/templates/routes/_route.html.erb [32 times] (18.0ms)
  Rendered /Users/David/.rvm/gems/ruby-2.2.2/gems/actionpack-5.0.2/lib/action_dispatch/middleware/templates/routes/_table.html.erb (2.1ms)
  Rendering /Users/David/.rvm/gems/ruby-2.2.2/gems/actionpack-5.0.2/lib/action_dispatch/middleware/templates/rescues/_request_and_response.html.erb
  Rendering /Users/David/.rvm/gems/ruby-2.2.2/gems/actionpack-5.0.2/lib/action_dispatch/middleware/templates/rescues/routing_error.html.erb within rescues/layout
  Rendered /Users/David/.rvm/gems/ruby-2.2.2/gems/actionpack-5.0.2/lib/action_dispatch/middleware/templates/rescues/_request_and_response.html.erb (2.5ms)
  Rendered /Users/David/.rvm/gems/ruby-2.2.2/gems/actionpack-5.0.2/lib/action_dispatch/middleware/templates/rescues/routing_error.html.erb within rescues/layout (391.3ms)
  Rendering /Users/David/.rvm/gems/ruby-2.2.2/gems/actionpack-5.0.2/lib/action_dispatch/middleware/templates/rescues/_trace.html.erb
  Rendered /Users/David/.rvm/gems/ruby-2.2.2/gems/actionpack-5.0.2/lib/action_dispatch/middleware/templates/rescues/_trace.html.erb (4.2ms)
  Rendered collection of /Users/David/.rvm/gems/ruby-2.2.2/gems/actionpack-5.0.2/lib/action_dispatch/middleware/templates/routes/_route.html.erb [32 times] (15.8ms)
  Rendered /Users/David/.rvm/gems/ruby-2.2.2/gems/actionpack-5.0.2/lib/action_dispatch/middleware/templates/routes/_table.html.erb (11.8ms)
  Rendering /Users/David/.rvm/gems/ruby-2.2.2/gems/actionpack-5.0.2/lib/action_dispatch/middleware/templates/rescues/_request_and_response.html.erb
  Rendered /Users/David/.rvm/gems/ruby-2.2.2/gems/actionpack-5.0.2/lib/action_dispatch/middleware/templates/rescues/_request_and_response.html.erb (1.7ms)
  Rendered /Users/David/.rvm/gems/ruby-2.2.2/gems/actionpack-5.0.2/lib/action_dispatch/middleware/templates/rescues/routing_error.html.erb within rescues/layout (478.6ms)
Started GET "/users/sign_up" for ::1 at 2017-04-21 15:16:35 -0400
Processing by Devise::RegistrationsController#new as HTML
  Rendering devise/registrations/new.html.erb within layouts/application
  Rendered devise/registrations/new.html.erb within layouts/application (496.0ms)
Completed 500 Internal Server Error in 518ms (ActiveRecord: 0.0ms)


  
ActionView::Template::Error (undefined method `integer_field' for #<ActionView::Helpers::FormBuilder:0x007f836d24e0d0>):
    38: 
    39:   <div class="field">
    40:     <%= f.label :age %><br />
    41:     <%= f.integer_field :age %>
    42:   </div>
    43: 
    44:   <div class="actions">
  
app/views/devise/registrations/new.html.erb:41:in `block in _app_views_devise_registrations_new_html_erb___1438471118493924962_70101226483080'
app/views/devise/registrations/new.html.erb:3:in `_app_views_devise_registrations_new_html_erb___1438471118493924962_70101226483080'
  Rendering /Users/David/.rvm/gems/ruby-2.2.2/gems/actionpack-5.0.2/lib/action_dispatch/middleware/templates/rescues/template_error.html.erb within rescues/layout
  Rendering /Users/David/.rvm/gems/ruby-2.2.2/gems/actionpack-5.0.2/lib/action_dispatch/middleware/templates/rescues/_source.html.erb
  Rendered /Users/David/.rvm/gems/ruby-2.2.2/gems/actionpack-5.0.2/lib/action_dispatch/middleware/templates/rescues/_source.html.erb (54.2ms)
  Rendering /Users/David/.rvm/gems/ruby-2.2.2/gems/actionpack-5.0.2/lib/action_dispatch/middleware/templates/rescues/_trace.html.erb
  Rendered /Users/David/.rvm/gems/ruby-2.2.2/gems/actionpack-5.0.2/lib/action_dispatch/middleware/templates/rescues/_trace.html.erb (13.7ms)
  Rendering /Users/David/.rvm/gems/ruby-2.2.2/gems/actionpack-5.0.2/lib/action_dispatch/middleware/templates/rescues/_request_and_response.html.erb
  Rendered /Users/David/.rvm/gems/ruby-2.2.2/gems/actionpack-5.0.2/lib/action_dispatch/middleware/templates/rescues/_request_and_response.html.erb (1.6ms)
  Rendered /Users/David/.rvm/gems/ruby-2.2.2/gems/actionpack-5.0.2/lib/action_dispatch/middleware/templates/rescues/template_error.html.erb within rescues/layout (325.0ms)
Started GET "/users/sign_up" for ::1 at 2017-04-21 15:16:47 -0400
Processing by Devise::RegistrationsController#new as HTML
  Rendering devise/registrations/new.html.erb within layouts/application
  Rendered devise/registrations/new.html.erb within layouts/application (607.7ms)
Completed 500 Internal Server Error in 627ms (ActiveRecord: 0.0ms)


  
ActionView::Template::Error (undefined method `integer' for #<ActionView::Helpers::FormBuilder:0x007f836e6ff150>):
    38: 
    39:   <div class="field">
    40:     <%= f.label :age %><br />
    41:     <%= f.integer :age %>
    42:   </div>
    43: 
    44:   <div class="actions">
  
app/views/devise/registrations/new.html.erb:41:in `block in _app_views_devise_registrations_new_html_erb___1438471118493924962_70101249849000'
app/views/devise/registrations/new.html.erb:3:in `_app_views_devise_registrations_new_html_erb___1438471118493924962_70101249849000'
  Rendering /Users/David/.rvm/gems/ruby-2.2.2/gems/actionpack-5.0.2/lib/action_dispatch/middleware/templates/rescues/template_error.html.erb within rescues/layout
  Rendering /Users/David/.rvm/gems/ruby-2.2.2/gems/actionpack-5.0.2/lib/action_dispatch/middleware/templates/rescues/_source.html.erb
  Rendered /Users/David/.rvm/gems/ruby-2.2.2/gems/actionpack-5.0.2/lib/action_dispatch/middleware/templates/rescues/_source.html.erb (15.7ms)
  Rendering /Users/David/.rvm/gems/ruby-2.2.2/gems/actionpack-5.0.2/lib/action_dispatch/middleware/templates/rescues/_trace.html.erb
  Rendered /Users/David/.rvm/gems/ruby-2.2.2/gems/actionpack-5.0.2/lib/action_dispatch/middleware/templates/rescues/_trace.html.erb (5.1ms)
  Rendering /Users/David/.rvm/gems/ruby-2.2.2/gems/actionpack-5.0.2/lib/action_dispatch/middleware/templates/rescues/_request_and_response.html.erb
  Rendered /Users/David/.rvm/gems/ruby-2.2.2/gems/actionpack-5.0.2/lib/action_dispatch/middleware/templates/rescues/_request_and_response.html.erb (2.8ms)
  Rendered /Users/David/.rvm/gems/ruby-2.2.2/gems/actionpack-5.0.2/lib/action_dispatch/middleware/templates/rescues/template_error.html.erb within rescues/layout (187.3ms)
Started GET "/users/sign_up" for ::1 at 2017-04-21 15:17:12 -0400
Processing by Devise::RegistrationsController#new as HTML
  Rendering devise/registrations/new.html.erb within layouts/application
  Rendered devise/shared/_links.html.erb (1.4ms)
  Rendered devise/registrations/new.html.erb within layouts/application (13.0ms)
Completed 200 OK in 77ms (Views: 75.6ms | ActiveRecord: 0.0ms)


Started GET "/users/stylesheets/bootstrap.min.css" for ::1 at 2017-04-21 15:17:12 -0400
  
ActionController::RoutingError (No route matches [GET] "/users/stylesheets/bootstrap.min.css"):
  
actionpack (5.0.2) lib/action_dispatch/middleware/debug_exceptions.rb:53:in `call'
web-console (3.5.0) lib/web_console/middleware.rb:135:in `call_app'
web-console (3.5.0) lib/web_console/middleware.rb:28:in `block in call'
web-console (3.5.0) lib/web_console/middleware.rb:18:in `catch'
web-console (3.5.0) lib/web_console/middleware.rb:18:in `call'
actionpack (5.0.2) lib/action_dispatch/middleware/show_exceptions.rb:31:in `call'
railties (5.0.2) lib/rails/rack/logger.rb:36:in `call_app'
railties (5.0.2) lib/rails/rack/logger.rb:24:in `block in call'
activesupport (5.0.2) lib/active_support/tagged_logging.rb:69:in `block in tagged'
activesupport (5.0.2) lib/active_support/tagged_logging.rb:26:in `tagged'
activesupport (5.0.2) lib/active_support/tagged_logging.rb:69:in `tagged'
railties (5.0.2) lib/rails/rack/logger.rb:24:in `call'
sprockets-rails (3.2.0) lib/sprockets/rails/quiet_assets.rb:13:in `call'
actionpack (5.0.2) lib/action_dispatch/middleware/request_id.rb:24:in `call'
rack (2.0.1) lib/rack/method_override.rb:22:in `call'
rack (2.0.1) lib/rack/runtime.rb:22:in `call'
activesupport (5.0.2) lib/active_support/cache/strategy/local_cache_middleware.rb:28:in `call'
actionpack (5.0.2) lib/action_dispatch/middleware/executor.rb:12:in `call'
actionpack (5.0.2) lib/action_dispatch/middleware/static.rb:136:in `call'
rack (2.0.1) lib/rack/sendfile.rb:111:in `call'
railties (5.0.2) lib/rails/engine.rb:522:in `call'
puma (3.8.2) lib/puma/configuration.rb:224:in `call'
puma (3.8.2) lib/puma/server.rb:600:in `handle_request'
puma (3.8.2) lib/puma/server.rb:435:in `process_client'
puma (3.8.2) lib/puma/server.rb:299:in `block in run'
puma (3.8.2) lib/puma/thread_pool.rb:120:in `call'
puma (3.8.2) lib/puma/thread_pool.rb:120:in `block in spawn_thread'
Started GET "/users/stylesheets/1-col-portfolio.css" for ::1 at 2017-04-21 15:17:12 -0400
  
ActionController::RoutingError (No route matches [GET] "/users/stylesheets/1-col-portfolio.css"):
  
actionpack (5.0.2) lib/action_dispatch/middleware/debug_exceptions.rb:53:in `call'
web-console (3.5.0) lib/web_console/middleware.rb:135:in `call_app'
web-console (3.5.0) lib/web_console/middleware.rb:28:in `block in call'
web-console (3.5.0) lib/web_console/middleware.rb:18:in `catch'
web-console (3.5.0) lib/web_console/middleware.rb:18:in `call'
actionpack (5.0.2) lib/action_dispatch/middleware/show_exceptions.rb:31:in `call'
railties (5.0.2) lib/rails/rack/logger.rb:36:in `call_app'
railties (5.0.2) lib/rails/rack/logger.rb:24:in `block in call'
activesupport (5.0.2) lib/active_support/tagged_logging.rb:69:in `block in tagged'
activesupport (5.0.2) lib/active_support/tagged_logging.rb:26:in `tagged'
activesupport (5.0.2) lib/active_support/tagged_logging.rb:69:in `tagged'
railties (5.0.2) lib/rails/rack/logger.rb:24:in `call'
sprockets-rails (3.2.0) lib/sprockets/rails/quiet_assets.rb:13:in `call'
actionpack (5.0.2) lib/action_dispatch/middleware/request_id.rb:24:in `call'
rack (2.0.1) lib/rack/method_override.rb:22:in `call'
rack (2.0.1) lib/rack/runtime.rb:22:in `call'
activesupport (5.0.2) lib/active_support/cache/strategy/local_cache_middleware.rb:28:in `call'
actionpack (5.0.2) lib/action_dispatch/middleware/executor.rb:12:in `call'
actionpack (5.0.2) lib/action_dispatch/middleware/static.rb:136:in `call'
rack (2.0.1) lib/rack/sendfile.rb:111:in `call'
railties (5.0.2) lib/rails/engine.rb:522:in `call'
puma (3.8.2) lib/puma/configuration.rb:224:in `call'
puma (3.8.2) lib/puma/server.rb:600:in `handle_request'
puma (3.8.2) lib/puma/server.rb:435:in `process_client'
puma (3.8.2) lib/puma/server.rb:299:in `block in run'
puma (3.8.2) lib/puma/thread_pool.rb:120:in `call'
puma (3.8.2) lib/puma/thread_pool.rb:120:in `block in spawn_thread'
  Rendering /Users/David/.rvm/gems/ruby-2.2.2/gems/actionpack-5.0.2/lib/action_dispatch/middleware/templates/rescues/routing_error.html.erb within rescues/layout
  Rendering /Users/David/.rvm/gems/ruby-2.2.2/gems/actionpack-5.0.2/lib/action_dispatch/middleware/templates/rescues/_trace.html.erb
  Rendered /Users/David/.rvm/gems/ruby-2.2.2/gems/actionpack-5.0.2/lib/action_dispatch/middleware/templates/rescues/_trace.html.erb (5.1ms)
  Rendered collection of /Users/David/.rvm/gems/ruby-2.2.2/gems/actionpack-5.0.2/lib/action_dispatch/middleware/templates/routes/_route.html.erb [32 times] (18.1ms)
  Rendered /Users/David/.rvm/gems/ruby-2.2.2/gems/actionpack-5.0.2/lib/action_dispatch/middleware/templates/routes/_table.html.erb (3.1ms)
  Rendering /Users/David/.rvm/gems/ruby-2.2.2/gems/actionpack-5.0.2/lib/action_dispatch/middleware/templates/rescues/_request_and_response.html.erb
  Rendered /Users/David/.rvm/gems/ruby-2.2.2/gems/actionpack-5.0.2/lib/action_dispatch/middleware/templates/rescues/_request_and_response.html.erb (3.8ms)
  Rendered /Users/David/.rvm/gems/ruby-2.2.2/gems/actionpack-5.0.2/lib/action_dispatch/middleware/templates/rescues/routing_error.html.erb within rescues/layout (250.4ms)
  Rendering /Users/David/.rvm/gems/ruby-2.2.2/gems/actionpack-5.0.2/lib/action_dispatch/middleware/templates/rescues/routing_error.html.erb within rescues/layout
  Rendering /Users/David/.rvm/gems/ruby-2.2.2/gems/actionpack-5.0.2/lib/action_dispatch/middleware/templates/rescues/_trace.html.erb
  Rendered /Users/David/.rvm/gems/ruby-2.2.2/gems/actionpack-5.0.2/lib/action_dispatch/middleware/templates/rescues/_trace.html.erb (2.8ms)
  Rendered collection of /Users/David/.rvm/gems/ruby-2.2.2/gems/actionpack-5.0.2/lib/action_dispatch/middleware/templates/routes/_route.html.erb [32 times] (14.0ms)
  Rendered /Users/David/.rvm/gems/ruby-2.2.2/gems/actionpack-5.0.2/lib/action_dispatch/middleware/templates/routes/_table.html.erb (2.1ms)
  Rendering /Users/David/.rvm/gems/ruby-2.2.2/gems/actionpack-5.0.2/lib/action_dispatch/middleware/templates/rescues/_request_and_response.html.erb
  Rendered /Users/David/.rvm/gems/ruby-2.2.2/gems/actionpack-5.0.2/lib/action_dispatch/middleware/templates/rescues/_request_and_response.html.erb (2.0ms)
  Rendered /Users/David/.rvm/gems/ruby-2.2.2/gems/actionpack-5.0.2/lib/action_dispatch/middleware/templates/rescues/routing_error.html.erb within rescues/layout (327.2ms)
  [1m[35m (0.3ms)[0m  [1m[34mSELECT pg_try_advisory_lock(3143831485598730465);[0m
  [1m[36mActiveRecord::SchemaMigration Load (0.8ms)[0m  [1m[34mSELECT "schema_migrations".* FROM "schema_migrations"[0m
  [1m[36mActiveRecord::InternalMetadata Load (0.8ms)[0m  [1m[34mSELECT  "ar_internal_metadata".* FROM "ar_internal_metadata" WHERE "ar_internal_metadata"."key" = $1 LIMIT $2[0m  [["key", :environment], ["LIMIT", 1]]
  [1m[35m (0.1ms)[0m  [1m[35mBEGIN[0m
  [1m[35m (0.1ms)[0m  [1m[35mCOMMIT[0m
  [1m[35m (0.3ms)[0m  [1m[34mSELECT pg_advisory_unlock(3143831485598730465)[0m
  [1m[36mActiveRecord::SchemaMigration Load (0.3ms)[0m  [1m[34mSELECT "schema_migrations".* FROM "schema_migrations"[0m
